2023-08-24 09:28:09,430 [INFO] Activator:176 - 


2023-08-24 09:28:09,436 [INFO] Activator:177 - !SESSION log4j initialized
2023-08-24 09:28:15,599 [INFO] LogOutputStream:77 - [STDOUT_REDIRECT] 
2023-08-24 09:28:18,359 [INFO] ApplicationProperties:184 - Using Application install path: D:\STM32\STM32CubeIDE_1.13.0\STM32CubeIDE\plugins\com.st.stm32cube.common.mx_6.9.0.202307051724
2023-08-24 09:28:18,390 [INFO] DbMcusXml:78 - Set database path to: D:\STM32\STM32CubeIDE_1.13.0\STM32CubeIDE\plugins\com.st.stm32cube.common.mx_6.9.0.202307051724\\db\/mcu/
2023-08-24 09:28:18,391 [INFO] ApiDb:274 - Set plugin database path to: D:\STM32\STM32CubeIDE_1.13.0\STM32CubeIDE\plugins\com.st.stm32cube.common.mx_6.9.0.202307051724\\db\/plugins/boardmanager/
2023-08-24 09:28:18,392 [WARN] ApiDb:259 - Overriding images path with different value:  => D:\STM32\STM32CubeIDE_1.13.0\STM32CubeIDE\plugins\com.st.stm32cube.common.mx_6.9.0.202307051724\\db\/plugins/mcufinder/images/
2023-08-24 09:28:18,408 [INFO] ApiDb:250 - Set database path to: C:\Users\ppato\.stmcufinder\plugins\mcufinder//mcu/
2023-08-24 09:28:18,410 [INFO] DbMcusAds:125 - Set database path to: C:\Users\ppato\.stmcufinder\plugins\mcufinder//mcu/
2023-08-24 09:28:18,413 [INFO] CrossReferenceDbSqlite:203 - Set database path to: C:\Users\ppato\.stmcufinder\plugins\mcufinder//mcu/cs/
2023-08-24 09:28:18,651 [INFO] RulesReader:64 - Compatibility file has been processed (293 Rules)
2023-08-24 09:28:18,874 [INFO] DbMcusXml:78 - Set database path to: D:\STM32\STM32CubeIDE_1.13.0\STM32CubeIDE\plugins\com.st.stm32cube.common.mx_6.9.0.202307051724\\db\/mcu/
2023-08-24 09:28:18,875 [INFO] ApiDb:274 - Set plugin database path to: D:\STM32\STM32CubeIDE_1.13.0\STM32CubeIDE\plugins\com.st.stm32cube.common.mx_6.9.0.202307051724\\db\/plugins/boardmanager/
2023-08-24 09:28:18,875 [INFO] ApiDb:261 - Set plugin images path to: D:\STM32\STM32CubeIDE_1.13.0\STM32CubeIDE\plugins\com.st.stm32cube.common.mx_6.9.0.202307051724\\db\/plugins/mcufinder/images/
2023-08-24 09:28:18,875 [WARN] DbFile:41 - Overriding database path with different value: C:\Users\ppato\.stmcufinder\plugins\mcufinder/ => C:\Users\ppato\.stmcufinder\plugins\mcufinder
2023-08-24 09:28:18,875 [INFO] ApiDb:250 - Set database path to: C:\Users\ppato\.stmcufinder\plugins\mcufinder//mcu/
2023-08-24 09:28:18,875 [WARN] DbFile:41 - Overriding database path with different value: C:\Users\ppato\.stmcufinder\plugins\mcufinder/ => C:\Users\ppato\.stmcufinder\plugins\mcufinder
2023-08-24 09:28:18,875 [INFO] DbMcusAds:125 - Set database path to: C:\Users\ppato\.stmcufinder\plugins\mcufinder//mcu/
2023-08-24 09:28:18,876 [WARN] DbFile:41 - Overriding database path with different value: C:\Users\ppato\.stmcufinder\plugins\mcufinder/ => C:\Users\ppato\.stmcufinder\plugins\mcufinder
2023-08-24 09:28:18,876 [WARN] DbFile:41 - Overriding database path with different value: C:\Users\ppato\.stmcufinder\plugins\mcufinder/ => C:\Users\ppato\.stmcufinder\plugins\mcufinder
2023-08-24 09:28:18,876 [INFO] CrossReferenceDbSqlite:203 - Set database path to: C:\Users\ppato\.stmcufinder\plugins\mcufinder//mcu/cs/
2023-08-24 09:28:19,022 [INFO] MainPanel:262 - HeapMemory: 594542592
2023-08-24 09:28:19,217 [INFO] DbMcusXml:78 - Set database path to: D:\STM32\STM32CubeIDE_1.13.0\STM32CubeIDE\plugins\com.st.stm32cube.common.mx_6.9.0.202307051724\\db\/mcu/
2023-08-24 09:28:19,217 [INFO] ApiDb:274 - Set plugin database path to: D:\STM32\STM32CubeIDE_1.13.0\STM32CubeIDE\plugins\com.st.stm32cube.common.mx_6.9.0.202307051724\\db\/plugins/boardmanager/
2023-08-24 09:28:19,217 [INFO] ApiDb:261 - Set plugin images path to: D:\STM32\STM32CubeIDE_1.13.0\STM32CubeIDE\plugins\com.st.stm32cube.common.mx_6.9.0.202307051724\\db\/plugins/mcufinder/images/
2023-08-24 09:28:19,218 [WARN] DbFile:41 - Overriding database path with different value: C:\Users\ppato\.stmcufinder\plugins\mcufinder/ => C:\Users\ppato\.stmcufinder\plugins\mcufinder
2023-08-24 09:28:19,218 [INFO] ApiDb:250 - Set database path to: C:\Users\ppato\.stmcufinder\plugins\mcufinder//mcu/
2023-08-24 09:28:19,219 [WARN] DbFile:41 - Overriding database path with different value: C:\Users\ppato\.stmcufinder\plugins\mcufinder/ => C:\Users\ppato\.stmcufinder\plugins\mcufinder
2023-08-24 09:28:19,219 [INFO] DbMcusAds:125 - Set database path to: C:\Users\ppato\.stmcufinder\plugins\mcufinder//mcu/
2023-08-24 09:28:19,219 [WARN] DbFile:41 - Overriding database path with different value: C:\Users\ppato\.stmcufinder\plugins\mcufinder/ => C:\Users\ppato\.stmcufinder\plugins\mcufinder
2023-08-24 09:28:19,219 [WARN] DbFile:41 - Overriding database path with different value: C:\Users\ppato\.stmcufinder\plugins\mcufinder/ => C:\Users\ppato\.stmcufinder\plugins\mcufinder
2023-08-24 09:28:19,219 [INFO] CrossReferenceDbSqlite:203 - Set database path to: C:\Users\ppato\.stmcufinder\plugins\mcufinder//mcu/cs/
2023-08-24 09:28:19,247 [INFO] ApplicationProperties:184 - Using Application install path: D:\STM32\STM32CubeIDE_1.13.0\STM32CubeIDE\plugins\com.st.stm32cube.common.mx_6.9.0.202307051724
2023-08-24 09:28:19,248 [INFO] PluginManage:196 - Search for loadable plugins [exclusion list=, ]
2023-08-24 09:28:19,251 [INFO] PluginManage:310 - Check plugin analytics
2023-08-24 09:28:19,638 [INFO] AnalyticsPlugin:253 - Accepted Software Licenses: 
2023-08-24 09:28:19,639 [INFO] AnalyticsPlugin:255 - Accepted CMSIS Pack Licenses: 
2023-08-24 09:28:19,639 [INFO] AnalyticsPlugin:257 - Accepted Firmware Licenses: FW.L4.1.18.0,FW.F4.1.27.0
2023-08-24 09:28:19,644 [INFO] PluginManage:359 - Loaded plugin analytics (category:tool,tabindex:-1)
2023-08-24 09:28:19,645 [INFO] PluginManage:310 - Check plugin cadmodel
2023-08-24 09:28:19,663 [INFO] CADModel:105 - Init CAD model plugin
2023-08-24 09:28:19,663 [INFO] PluginManage:359 - Loaded plugin cadmodel (category:power,tabindex:5)
2023-08-24 09:28:19,664 [INFO] PluginManage:310 - Check plugin clock
2023-08-24 09:28:19,695 [INFO] PluginManage:359 - Loaded plugin clock (category:base,tabindex:2)
2023-08-24 09:28:19,695 [INFO] PluginManage:310 - Check plugin ddr
2023-08-24 09:28:19,701 [INFO] PluginManage:359 - Loaded plugin ddr (category:tool,tabindex:6)
2023-08-24 09:28:19,701 [INFO] PluginManage:310 - Check plugin filemanager
2023-08-24 09:28:19,991 [INFO] PluginManage:359 - Loaded plugin filemanager (category:base,tabindex:10)
2023-08-24 09:28:19,991 [INFO] PluginManage:310 - Check plugin ipmanager
2023-08-24 09:28:20,006 [INFO] PluginManage:359 - Loaded plugin ipmanager (category:base,tabindex:5)
2023-08-24 09:28:20,006 [INFO] PluginManage:310 - Check plugin lpbam
2023-08-24 09:28:20,035 [INFO] PluginManage:359 - Loaded plugin lpbam (category:base,tabindex:0)
2023-08-24 09:28:20,035 [INFO] PluginManage:310 - Check plugin memorymap
2023-08-24 09:28:20,081 [INFO] PluginManage:359 - Loaded plugin memorymap (category:base,tabindex:4)
2023-08-24 09:28:20,082 [INFO] PluginManage:310 - Check plugin pinoutandconfiguration
2023-08-24 09:28:20,120 [INFO] PluginManage:359 - Loaded plugin pinoutandconfiguration (category:base,tabindex:1)
2023-08-24 09:28:20,121 [INFO] PluginManage:310 - Check plugin pinoutconfig
2023-08-24 09:28:20,341 [WARN] SupportedApi:132 - Cannot load RTOS API schema: s4s-elt-must-match.1: The content of 'definitions' must match (annotation?, (simpleType | complexType)?, (unique | key | keyref)*)). A problem was found starting at: attribute.
2023-08-24 09:28:20,727 [INFO] PluginManage:359 - Loaded plugin pinoutconfig (category:base,tabindex:0)
2023-08-24 09:28:20,728 [INFO] PluginManage:310 - Check plugin power
2023-08-24 09:28:20,761 [INFO] PluginManage:359 - Loaded plugin power (category:power,tabindex:4)
2023-08-24 09:28:20,761 [INFO] PluginManage:310 - Check plugin projectmanager
2023-08-24 09:28:20,780 [INFO] PluginManage:359 - Loaded plugin projectmanager (category:projectmanager,tabindex:3)
2023-08-24 09:28:20,780 [INFO] PluginManage:310 - Check plugin thirdparty
2023-08-24 09:28:21,185 [WARN] IntegrityCheckThread:84 - waiting for thirdparty lock release [integrity check]
2023-08-24 09:28:21,185 [INFO] IntegrityCheckThread:86 - entering critical section [integrity check]
2023-08-24 09:28:21,185 [INFO] PluginManage:359 - Loaded plugin thirdparty (category:base,tabindex:-1)
2023-08-24 09:28:21,186 [INFO] PluginManage:310 - Check plugin tools
2023-08-24 09:28:21,186 [INFO] ThirdPartyUpdaterWithRetryManager:70 - Updater plugin not ready yet. [1/15]
2023-08-24 09:28:21,229 [INFO] PluginManage:359 - Loaded plugin tools (category:base,tabindex:7)
2023-08-24 09:28:21,229 [INFO] PluginManage:310 - Check plugin tutovideos
2023-08-24 09:28:21,647 [INFO] PluginManage:359 - Loaded plugin tutovideos (category:base,tabindex:-1)
2023-08-24 09:28:21,648 [INFO] PluginManage:310 - Check plugin updater
2023-08-24 09:28:21,664 [INFO] PluginManage:359 - Loaded plugin updater (category:base,tabindex:12)
2023-08-24 09:28:21,665 [INFO] PluginManage:310 - Check plugin userauth
2023-08-24 09:28:21,671 [INFO] UserAuth:113 - Init User Auth plugin
2023-08-24 09:28:21,672 [INFO] PluginManage:359 - Loaded plugin userauth (category:base,tabindex:14)
2023-08-24 09:28:21,672 [INFO] PluginManage:283 - PluginManage : Loaded plugins [17]
2023-08-24 09:28:22,142 [INFO] PinOutPanel:1499 - setPackage(No Configuration,No Configuration)
2023-08-24 09:28:22,254 [INFO] CADModel:165 - CPN selected for project level
2023-08-24 09:28:22,255 [INFO] CADModel:114 - Register for checkConnection events
2023-08-24 09:28:22,279 [INFO] IPUIPlugin:80 - create IPUIPlugin
2023-08-24 09:28:22,279 [INFO] PluginManager:220 - loadIPPluginJar : add adc
2023-08-24 09:28:22,309 [INFO] IPUIPlugin:80 - create IPUIPlugin
2023-08-24 09:28:22,309 [INFO] PluginManager:220 - loadIPPluginJar : add aes
2023-08-24 09:28:22,342 [INFO] IPUIPlugin:80 - create IPUIPlugin
2023-08-24 09:28:22,342 [INFO] PluginManager:220 - loadIPPluginJar : add can
2023-08-24 09:28:22,359 [INFO] IPUIPlugin:80 - create IPUIPlugin
2023-08-24 09:28:22,360 [INFO] PluginManager:220 - loadIPPluginJar : add comp
2023-08-24 09:28:22,386 [INFO] IPUIPlugin:80 - create IPUIPlugin
2023-08-24 09:28:22,386 [INFO] PluginManager:220 - loadIPPluginJar : add cryp
2023-08-24 09:28:22,407 [INFO] IPUIPlugin:80 - create IPUIPlugin
2023-08-24 09:28:22,407 [INFO] PluginManager:220 - loadIPPluginJar : add dfsdm
2023-08-24 09:28:22,420 [INFO] IPUIPlugin:80 - create IPUIPlugin
2023-08-24 09:28:22,420 [INFO] PluginManager:220 - loadIPPluginJar : add dma
2023-08-24 09:28:22,453 [INFO] IPUIPlugin:80 - create IPUIPlugin
2023-08-24 09:28:22,453 [INFO] PluginManager:220 - loadIPPluginJar : add dma3
2023-08-24 09:28:22,469 [INFO] IPUIPlugin:80 - create IPUIPlugin
2023-08-24 09:28:22,469 [INFO] PluginManager:220 - loadIPPluginJar : add fatfs
2023-08-24 09:28:22,503 [INFO] IPUIPlugin:80 - create IPUIPlugin
2023-08-24 09:28:22,503 [INFO] PluginManager:220 - loadIPPluginJar : add fmc
2023-08-24 09:28:22,514 [INFO] IPUIPlugin:80 - create IPUIPlugin
2023-08-24 09:28:22,514 [INFO] PluginManager:220 - loadIPPluginJar : add freertos
2023-08-24 09:28:22,530 [INFO] IPUIPlugin:80 - create IPUIPlugin
2023-08-24 09:28:22,530 [INFO] PluginManager:220 - loadIPPluginJar : add genericplugin
2023-08-24 09:28:22,595 [INFO] IPUIPlugin:80 - create IPUIPlugin
2023-08-24 09:28:22,595 [INFO] PluginManager:220 - loadIPPluginJar : add gfxmmu
2023-08-24 09:28:22,695 [INFO] IPUIPlugin:80 - create IPUIPlugin
2023-08-24 09:28:22,695 [INFO] PluginManager:220 - loadIPPluginJar : add gic
2023-08-24 09:28:22,706 [INFO] IPUIPlugin:80 - create IPUIPlugin
2023-08-24 09:28:22,707 [INFO] PluginManager:220 - loadIPPluginJar : add gpio
2023-08-24 09:28:22,779 [INFO] IPUIPlugin:80 - create IPUIPlugin
2023-08-24 09:28:22,779 [INFO] PluginManager:220 - loadIPPluginJar : add gtzc
2023-08-24 09:28:22,802 [INFO] IPUIPlugin:80 - create IPUIPlugin
2023-08-24 09:28:22,803 [INFO] PluginManager:220 - loadIPPluginJar : add hash
2023-08-24 09:28:22,842 [INFO] IPUIPlugin:80 - create IPUIPlugin
2023-08-24 09:28:22,842 [INFO] PluginManager:220 - loadIPPluginJar : add i2c
2023-08-24 09:28:22,873 [INFO] IPUIPlugin:80 - create IPUIPlugin
2023-08-24 09:28:22,873 [INFO] PluginManager:220 - loadIPPluginJar : add i2s
2023-08-24 09:28:22,910 [INFO] IPUIPlugin:80 - create IPUIPlugin
2023-08-24 09:28:22,910 [INFO] PluginManager:220 - loadIPPluginJar : add i3c
2023-08-24 09:28:22,994 [INFO] IPUIPlugin:80 - create IPUIPlugin
2023-08-24 09:28:22,994 [INFO] PluginManager:220 - loadIPPluginJar : add ipddr
2023-08-24 09:28:23,058 [INFO] IPUIPlugin:80 - create IPUIPlugin
2023-08-24 09:28:23,059 [INFO] PluginManager:220 - loadIPPluginJar : add linkedlist
2023-08-24 09:28:23,087 [INFO] IPUIPlugin:80 - create IPUIPlugin
2023-08-24 09:28:23,087 [INFO] PluginManager:220 - loadIPPluginJar : add lorawan
2023-08-24 09:28:23,118 [INFO] IPUIPlugin:80 - create IPUIPlugin
2023-08-24 09:28:23,118 [INFO] PluginManager:220 - loadIPPluginJar : add ltdc
2023-08-24 09:28:23,131 [INFO] IPUIPlugin:80 - create IPUIPlugin
2023-08-24 09:28:23,131 [INFO] PluginManager:220 - loadIPPluginJar : add mdma
2023-08-24 09:28:23,142 [INFO] IPUIPlugin:80 - create IPUIPlugin
2023-08-24 09:28:23,142 [INFO] PluginManager:220 - loadIPPluginJar : add nvic
2023-08-24 09:28:23,175 [INFO] IPUIPlugin:80 - create IPUIPlugin
2023-08-24 09:28:23,176 [INFO] PluginManager:220 - loadIPPluginJar : add opamp
2023-08-24 09:28:23,224 [INFO] IPUIPlugin:80 - create IPUIPlugin
2023-08-24 09:28:23,224 [INFO] PluginManager:220 - loadIPPluginJar : add openamp
2023-08-24 09:28:23,255 [INFO] IPUIPlugin:80 - create IPUIPlugin
2023-08-24 09:28:23,255 [INFO] PluginManager:220 - loadIPPluginJar : add pdm2pcm
2023-08-24 09:28:23,267 [INFO] IPUIPlugin:80 - create IPUIPlugin
2023-08-24 09:28:23,268 [INFO] PluginManager:220 - loadIPPluginJar : add plateformsettings
2023-08-24 09:28:23,292 [INFO] IPUIPlugin:80 - create IPUIPlugin
2023-08-24 09:28:23,292 [INFO] PluginManager:220 - loadIPPluginJar : add quadspi
2023-08-24 09:28:23,303 [INFO] IPUIPlugin:80 - create IPUIPlugin
2023-08-24 09:28:23,303 [INFO] PluginManager:220 - loadIPPluginJar : add resmgrutility
2023-08-24 09:28:23,341 [INFO] IPUIPlugin:80 - create IPUIPlugin
2023-08-24 09:28:23,342 [INFO] PluginManager:220 - loadIPPluginJar : add sai
2023-08-24 09:28:23,370 [INFO] IPUIPlugin:80 - create IPUIPlugin
2023-08-24 09:28:23,370 [INFO] PluginManager:220 - loadIPPluginJar : add spi
2023-08-24 09:28:23,413 [INFO] IPUIPlugin:80 - create IPUIPlugin
2023-08-24 09:28:23,413 [INFO] PluginManager:220 - loadIPPluginJar : add stm32_wpan
2023-08-24 09:28:23,432 [INFO] IPUIPlugin:80 - create IPUIPlugin
2023-08-24 09:28:23,432 [INFO] PluginManager:220 - loadIPPluginJar : add tim
2023-08-24 09:28:23,490 [INFO] IPUIPlugin:80 - create IPUIPlugin
2023-08-24 09:28:23,490 [INFO] PluginManager:220 - loadIPPluginJar : add touchsensing
2023-08-24 09:28:23,512 [INFO] IPUIPlugin:80 - create IPUIPlugin
2023-08-24 09:28:23,512 [INFO] PluginManager:220 - loadIPPluginJar : add tracer_emb
2023-08-24 09:28:23,541 [INFO] IPUIPlugin:80 - create IPUIPlugin
2023-08-24 09:28:23,541 [INFO] PluginManager:220 - loadIPPluginJar : add ts
2023-08-24 09:28:23,563 [INFO] IPUIPlugin:80 - create IPUIPlugin
2023-08-24 09:28:23,563 [INFO] PluginManager:220 - loadIPPluginJar : add tsc
2023-08-24 09:28:23,587 [INFO] IPUIPlugin:80 - create IPUIPlugin
2023-08-24 09:28:23,587 [INFO] PluginManager:220 - loadIPPluginJar : add ucpd
2023-08-24 09:28:23,632 [INFO] IPUIPlugin:80 - create IPUIPlugin
2023-08-24 09:28:23,633 [INFO] PluginManager:220 - loadIPPluginJar : add usart
2023-08-24 09:28:23,675 [INFO] IPUIPlugin:80 - create IPUIPlugin
2023-08-24 09:28:23,675 [INFO] PluginManager:220 - loadIPPluginJar : add usbx
2023-08-24 09:28:23,816 [INFO] CADModel:165 - CPN selected for project level
2023-08-24 09:28:23,816 [INFO] CADModel:114 - Register for checkConnection events
2023-08-24 09:28:23,816 [FATAL] Updater:308 - Updater called before beeing initialized
2023-08-24 09:28:23,816 [ERROR] CADModel:125 - Updater not yet initialized, retry later 
2023-08-24 09:28:23,940 [INFO] CADModel:165 - CPN selected for project level
2023-08-24 09:28:23,940 [INFO] CADModel:114 - Register for checkConnection events
2023-08-24 09:28:23,940 [FATAL] Updater:308 - Updater called before beeing initialized
2023-08-24 09:28:23,940 [ERROR] CADModel:125 - Updater not yet initialized, retry later 
2023-08-24 09:28:23,943 [FATAL] Updater:308 - Updater called before beeing initialized
2023-08-24 09:28:24,051 [FATAL] Updater:308 - Updater called before beeing initialized
2023-08-24 09:28:24,065 [INFO] DbMcusAds:53 - JSON generation date=Tue Mar 07 09:50:55 CET 2023 (1678179055114)
2023-08-24 09:28:24,066 [FATAL] Updater:308 - Updater called before beeing initialized
2023-08-24 09:28:24,149 [WARN] DetailPanel:346 - Failed to get advertising image, set to default
2023-08-24 09:28:24,187 [INFO] ThirdPartyUpdaterWithRetryManager:70 - Updater plugin not ready yet. [2/15]
2023-08-24 09:28:24,232 [FATAL] Updater:308 - Updater called before beeing initialized
2023-08-24 09:28:24,233 [FATAL] Updater:308 - Updater called before beeing initialized
2023-08-24 09:28:24,233 [FATAL] Updater:308 - Updater called before beeing initialized
2023-08-24 09:28:24,234 [WARN] DetailPanel:346 - Failed to get advertising image, set to default
2023-08-24 09:28:24,234 [FATAL] Updater:308 - Updater called before beeing initialized
2023-08-24 09:28:24,282 [ERROR] Updater:1120 - MainUpdater not yet initialized. External WinMGr cannot be set.
2023-08-24 09:28:24,290 [INFO] Updater:1056 - Updater Version found : 6.9.0
2023-08-24 09:28:24,304 [INFO] ApplicationProperties:184 - Using Application install path: D:\STM32\STM32CubeIDE_1.13.0\STM32CubeIDE\plugins\com.st.stm32cube.common.mx_6.9.0.202307051724
2023-08-24 09:28:24,527 [INFO] MainUpdater:2868 - connection check result : 10
2023-08-24 09:28:24,528 [INFO] MainUpdater:285 - Updater Check For Update Now.
2023-08-24 09:28:24,528 [INFO] MicroXplorer:498 - Change Database Version : DB.6.0.90
2023-08-24 09:28:24,552 [INFO] McuFinderGlobals:63 - Set McuFinder mode to 2 (CubeIDE integrated)
2023-08-24 09:28:24,754 [INFO] CheckServerUpdateThread:120 - End of CheckServer Thread
2023-08-24 09:28:27,343 [WARN] PackLoader:240 - Cannot read IP mode file for STMicroelectronics.X-CUBE-SMBUS.2.1.0
2023-08-24 09:28:27,388 [WARN] PackLoader:240 - Cannot read IP mode file for STMicroelectronics.X-CUBE-AZRTOS-F7.1.1.0
2023-08-24 09:28:27,404 [WARN] PackLoader:240 - Cannot read IP mode file for STMicroelectronics.FP-SNS-MOTENV1.4.3.2
2023-08-24 09:28:27,424 [WARN] PackLoader:240 - Cannot read IP mode file for STMicroelectronics.X-CUBE-BLE1.6.2.4
2023-08-24 09:28:27,437 [WARN] PackLoader:240 - Cannot read IP mode file for STMicroelectronics.FP-SNS-FLIGHT1.5.0.2
2023-08-24 09:28:27,452 [WARN] PackLoader:240 - Cannot read IP mode file for STMicroelectronics.X-CUBE-DISPLAY.3.0.0
2023-08-24 09:28:27,466 [WARN] PackLoader:240 - Cannot read IP mode file for STMicroelectronics.X-CUBE-BLE1.7.0.0
2023-08-24 09:28:27,478 [WARN] PackLoader:240 - Cannot read IP mode file for emotas.I-CUBE-CANOPEN.1.3.0
2023-08-24 09:28:27,489 [WARN] PackLoader:240 - Cannot read IP mode file for STMicroelectronics.X-CUBE-TOUCHGFX.4.22.0
2023-08-24 09:28:27,504 [INFO] LogOutputStream:77 - [STDOUT_REDIRECT] 1 : Invalid condition id : UX_CORESTACK_Condition cause : null
2023-08-24 09:28:27,505 [INFO] LogOutputStream:77 - [STDOUT_REDIRECT] 1 : Invalid condition id : UX_CORESTACK_Condition cause : null
2023-08-24 09:28:27,506 [INFO] LogOutputStream:77 - [STDOUT_REDIRECT] 1 : Invalid condition id : UX_CORESTACK_Condition cause : null
2023-08-24 09:28:27,507 [INFO] LogOutputStream:77 - [STDOUT_REDIRECT] 1 : Invalid condition id : UX_CORESTACK_Condition cause : null
2023-08-24 09:28:27,509 [INFO] LogOutputStream:77 - [STDOUT_REDIRECT] 1 : Invalid condition id : UX_CORESTACK_Condition cause : null
2023-08-24 09:28:27,511 [WARN] PackLoader:240 - Cannot read IP mode file for STMicroelectronics.X-CUBE-AZRTOS-WL.2.0.0
2023-08-24 09:28:27,526 [WARN] PackLoader:240 - Cannot read IP mode file for WES.I-CUBE-Cesium.1.3.0
2023-08-24 09:28:27,536 [WARN] PackLoader:240 - Cannot read IP mode file for STMicroelectronics.X-CUBE-BLE2.3.3.0
2023-08-24 09:28:27,549 [WARN] PackLoader:240 - Cannot read IP mode file for STMicroelectronics.X-CUBE-ALGOBUILD.1.3.0
2023-08-24 09:28:27,575 [WARN] PackLoader:240 - Cannot read IP mode file for STMicroelectronics.X-CUBE-AZRTOS-G0.1.1.0
2023-08-24 09:28:27,589 [WARN] PackLoader:240 - Cannot read IP mode file for STMicroelectronics.X-CUBE-NFC4.3.0.0
2023-08-24 09:28:27,600 [WARN] PackLoader:240 - Cannot read IP mode file for STMicroelectronics.FP-ATR-SIGFOX1.3.2.0
2023-08-24 09:28:27,633 [WARN] PackLoader:240 - Cannot read IP mode file for SEGGER.I-CUBE-embOS.1.3.1
2023-08-24 09:28:27,668 [WARN] PackLoader:240 - Cannot read IP mode file for STMicroelectronics.X-CUBE-GNSS1.6.0.0
2023-08-24 09:28:27,691 [WARN] PackLoader:240 - Cannot read IP mode file for STMicroelectronics.X-CUBE-AZRTOS-F4.1.1.0
2023-08-24 09:28:27,702 [WARN] PackLoader:240 - Cannot read IP mode file for wolfSSL.I-CUBE-wolfSSL.5.6.3
2023-08-24 09:28:27,724 [WARN] PackLoader:240 - Cannot read IP mode file for STMicroelectronics.X-CUBE-AZRTOS-L5.2.0.0
2023-08-24 09:28:27,772 [WARN] PackLoader:240 - Cannot read IP mode file for STMicroelectronics.X-CUBE-MEMS1.9.6.0
2023-08-24 09:28:27,892 [WARN] PackLoader:240 - Cannot read IP mode file for STMicroelectronics.X-CUBE-BLEMGR.2.0.0
2023-08-24 09:28:27,916 [WARN] ConditionMgr:438 - getConditionDescription Invalid condition id : UX DEVICE CLASS RTOS Condition cause : null
2023-08-24 09:28:27,916 [WARN] ConditionMgr:438 - getConditionDescription Invalid condition id : UX DEVICE CLASS RTOS Condition cause : null
2023-08-24 09:28:27,918 [WARN] PackLoader:240 - Cannot read IP mode file for STMicroelectronics.X-CUBE-AZRTOS-H7.3.1.0
2023-08-24 09:28:27,919 [WARN] ConditionMgr:1039 - genDependencies : Invalid condition id : UX DEVICE CLASS RTOS Condition cause : null
2023-08-24 09:28:27,919 [WARN] ConditionMgr:1039 - genDependencies : Invalid condition id : UX DEVICE CLASS RTOS Condition cause : null
2023-08-24 09:28:27,920 [WARN] ConditionMgr:1039 - genDependencies : Invalid condition id : UX DEVICE CLASS RTOS Condition cause : null
2023-08-24 09:28:27,920 [WARN] ConditionMgr:1039 - genDependencies : Invalid condition id : UX DEVICE CLASS RTOS Condition cause : null
2023-08-24 09:28:27,920 [WARN] ConditionMgr:1039 - genDependencies : Invalid condition id : UX DEVICE CLASS RTOS Condition cause : null
2023-08-24 09:28:27,932 [WARN] PackLoader:240 - Cannot read IP mode file for STMicroelectronics.X-CUBE-NFC7.1.0.1
2023-08-24 09:28:27,943 [WARN] PackLoader:240 - Cannot read IP mode file for STMicroelectronics.X-CUBE-EEPRMA1.4.1.0
2023-08-24 09:28:27,956 [WARN] PackLoader:240 - Cannot read IP mode file for STMicroelectronics.X-CUBE-AI.8.1.0
2023-08-24 09:28:27,982 [WARN] ConditionMgr:438 - getConditionDescription Invalid condition id : LAN8742 Phy interface Condition cause : null
2023-08-24 09:28:27,983 [WARN] PackLoader:240 - Cannot read IP mode file for STMicroelectronics.X-CUBE-AZRTOS-L4.2.0.0
2023-08-24 09:28:27,984 [WARN] ConditionMgr:1039 - genDependencies : Invalid condition id : LAN8742 Phy interface Condition cause : null
2023-08-24 09:28:27,984 [WARN] ConditionMgr:1039 - genDependencies : Invalid condition id : LAN8742 Phy interface Condition cause : null
2023-08-24 09:28:27,985 [WARN] ConditionMgr:1039 - genDependencies : Invalid condition id : LAN8742 Phy interface Condition cause : null
2023-08-24 09:28:27,997 [WARN] PackLoader:240 - Cannot read IP mode file for STMicroelectronics.X-CUBE-SFXS2LP1.4.0.0
2023-08-24 09:28:28,008 [WARN] PackLoader:240 - Cannot read IP mode file for STMicroelectronics.X-CUBE-ISPU.1.1.0
2023-08-24 09:28:28,028 [WARN] ConditionMgr:438 - getConditionDescription Invalid condition id : UX DEVICE CLASS RTOS Condition cause : null
2023-08-24 09:28:28,028 [WARN] ConditionMgr:438 - getConditionDescription Invalid condition id : UX DEVICE CLASS RTOS Condition cause : null
2023-08-24 09:28:28,030 [WARN] PackLoader:240 - Cannot read IP mode file for STMicroelectronics.X-CUBE-AZRTOS-WB.2.0.0
2023-08-24 09:28:28,031 [WARN] ConditionMgr:1039 - genDependencies : Invalid condition id : UX DEVICE CLASS RTOS Condition cause : null
2023-08-24 09:28:28,031 [WARN] ConditionMgr:1039 - genDependencies : Invalid condition id : UX DEVICE CLASS RTOS Condition cause : null
2023-08-24 09:28:28,031 [WARN] ConditionMgr:1039 - genDependencies : Invalid condition id : UX DEVICE CLASS RTOS Condition cause : null
2023-08-24 09:28:28,032 [WARN] ConditionMgr:1039 - genDependencies : Invalid condition id : UX DEVICE CLASS RTOS Condition cause : null
2023-08-24 09:28:28,032 [WARN] ConditionMgr:1039 - genDependencies : Invalid condition id : UX DEVICE CLASS RTOS Condition cause : null
2023-08-24 09:28:28,045 [WARN] PackLoader:240 - Cannot read IP mode file for STMicroelectronics.X-CUBE-FREERTOS.1.0.1
2023-08-24 09:28:28,070 [WARN] PackLoader:240 - Cannot read IP mode file for STMicroelectronics.X-CUBE-AZRTOS-L5.1.1.0
2023-08-24 09:28:28,081 [WARN] PackLoader:240 - Cannot read IP mode file for STMicroelectronics.X-CUBE-AI.8.0.1
2023-08-24 09:28:28,099 [WARN] PackLoader:240 - Cannot read IP mode file for STMicroelectronics.X-CUBE-SUBG2.5.0.0
2023-08-24 09:28:28,120 [WARN] PackLoader:240 - Cannot read IP mode file for STMicroelectronics.X-CUBE-TOF1.3.3.1
2023-08-24 09:28:28,152 [WARN] PackLoader:240 - Cannot read IP mode file for STMicroelectronics.X-CUBE-AZRTOS-G4.2.0.0
2023-08-24 09:28:28,165 [WARN] PackLoader:240 - Cannot read IP mode file for portGmbH.I-Cube-SoM-uGOAL.1.1.0
2023-08-24 09:28:28,177 [WARN] PackLoader:240 - Cannot read IP mode file for STMicroelectronics.X-CUBE-ALS.1.0.1
2023-08-24 09:28:28,200 [WARN] PackLoader:240 - Cannot read IP mode file for STMicroelectronics.X-CUBE-AZRTOS-WB.1.1.0
2023-08-24 09:28:28,213 [WARN] PackLoader:240 - Cannot read IP mode file for STMicroelectronics.FP-ATR-ASTRA1.2.0.0
2023-08-24 09:28:28,214 [INFO] ThirdParty:978 - Integrity check success = true
2023-08-24 09:28:28,214 [INFO] IntegrityCheckThread:100 - exiting critical section [integrity check]
2023-08-24 09:28:28,214 [INFO] IntegrityCheckThread:103 - End integrity checks thread
2023-08-24 09:28:46,125 [ERROR] LogOutputStream:75 - [STDERR_REDIRECT] SLF4J: Failed to load class "org.slf4j.impl.StaticLoggerBinder".
2023-08-24 09:28:46,125 [ERROR] LogOutputStream:75 - [STDERR_REDIRECT] SLF4J: Defaulting to no-operation (NOP) logger implementation
2023-08-24 09:28:46,126 [ERROR] LogOutputStream:75 - [STDERR_REDIRECT] SLF4J: See http://www.slf4j.org/codes.html#StaticLoggerBinder for further details.
