Added Component: Designator=C21(0805)
Added Component: Designator=FLASH1(FP-MX25L51245GMI-08G-IPC_C)
Add component (AddParameter): Name = "RoHS Compliant"; Value = "Yes"; VariantName = "[No Variations]"
Added Pin To Net: NetName=+3V3 Pin=C21-1
Added Pin To Net: NetName=GND Pin=C21-2
Added Pin To Net: NetName=+3V3 Pin=FLASH1-2
Added Pin To Net: NetName=GND Pin=FLASH1-10
Added Pin To Net: NetName=USB_D_P Pin=K6-4
Added Pin To Net: NetName=USB_D_P Pin=U3-45
Change Net Name : Old Net Name=MCU_PA11 New Net Name=USB_D_M
Added Pin To Net: NetName=FLASH_RESET Pin=FLASH1-3
Added Pin To Net: NetName=FLASH_RESET Pin=K4-8
Added Pin To Net: NetName=FLASH_RESET Pin=U3-14
Added Net: Name=FLASH_RESET
Added Pin To Net: NetName=MCU_QUADSPI_BK1_IO0 Pin=FLASH1-15
Added Pin To Net: NetName=MCU_QUADSPI_BK1_IO0 Pin=K7-7
Added Pin To Net: NetName=MCU_QUADSPI_BK1_IO0 Pin=U3-27
Added Net: Name=MCU_QUADSPI_BK1_IO0
Added Pin To Net: NetName=MCU_QUADSPI_BK1_IO1 Pin=FLASH1-8
Added Pin To Net: NetName=MCU_QUADSPI_BK1_IO1 Pin=K7-8
Added Pin To Net: NetName=MCU_QUADSPI_BK1_IO1 Pin=U3-26
Added Net: Name=MCU_QUADSPI_BK1_IO1
Added Pin To Net: NetName=MCU_QUADSPI_BK1_IO2 Pin=FLASH1-9
Added Pin To Net: NetName=MCU_QUADSPI_BK1_IO2 Pin=K4-1
Added Pin To Net: NetName=MCU_QUADSPI_BK1_IO2 Pin=U3-23
Added Net: Name=MCU_QUADSPI_BK1_IO2
Added Pin To Net: NetName=MCU_QUADSPI_BK1_IO3 Pin=FLASH1-1
Added Pin To Net: NetName=MCU_QUADSPI_BK1_IO3 Pin=K4-2
Added Pin To Net: NetName=MCU_QUADSPI_BK1_IO3 Pin=U3-22
Added Net: Name=MCU_QUADSPI_BK1_IO3
Added Pin To Net: NetName=MCU_QUADSPI_CLK Pin=FLASH1-16
Added Pin To Net: NetName=MCU_QUADSPI_CLK Pin=K4-3
Added Pin To Net: NetName=MCU_QUADSPI_CLK Pin=K8-6
Added Pin To Net: NetName=MCU_QUADSPI_CLK Pin=U3-21
Added Pin To Net: NetName=MCU_QUADSPI_CLK Pin=U3-29
Added Net: Name=MCU_QUADSPI_CLK
Added Pin To Net: NetName=MCU_QUADSPI_NCS Pin=FLASH1-7
Added Pin To Net: NetName=MCU_QUADSPI_NCS Pin=K8-5
Added Pin To Net: NetName=MCU_QUADSPI_NCS Pin=U3-30
Added Net: Name=MCU_QUADSPI_NCS
Added Member To Class: ClassName=STM32_Board_with_IMU Member=Component C21 100n
Added Member To Class: ClassName=STM32_Board_with_IMU Member=Component FLASH1 MX25L51245GMI-08G
