Replace Part C1 Kondensator in C:\Users\Public\Documents\Altium\STM32_Board\STM32_Board_with_IMU.SchDoc with Kondensator from Slawek_new.SchLib
Replace Part C2 Kondensator in C:\Users\Public\Documents\Altium\STM32_Board\STM32_Board_with_IMU.SchDoc with Kondensator from Slawek_new.SchLib
Replace Part C3 Kondensator in C:\Users\Public\Documents\Altium\STM32_Board\STM32_Board_with_IMU.SchDoc with Kondensator from Slawek_new.SchLib
Replace Part C4 Kondensator in C:\Users\Public\Documents\Altium\STM32_Board\STM32_Board_with_IMU.SchDoc with Kondensator from Slawek_new.SchLib
Replace Part C5 Kondensator in C:\Users\Public\Documents\Altium\STM32_Board\STM32_Board_with_IMU.SchDoc with Kondensator from Slawek_new.SchLib
Replace Part C6 Kondensator in C:\Users\Public\Documents\Altium\STM32_Board\STM32_Board_with_IMU.SchDoc with Kondensator from Slawek_new.SchLib
Replace Part C7 Kondensator in C:\Users\Public\Documents\Altium\STM32_Board\STM32_Board_with_IMU.SchDoc with Kondensator from Slawek_new.SchLib
Replace Part C8 Kondensator in C:\Users\Public\Documents\Altium\STM32_Board\STM32_Board_with_IMU.SchDoc with Kondensator from Slawek_new.SchLib
Replace Part C9 Kondensator in C:\Users\Public\Documents\Altium\STM32_Board\STM32_Board_with_IMU.SchDoc with Kondensator from Slawek_new.SchLib
Replace Part C10 Kondensator in C:\Users\Public\Documents\Altium\STM32_Board\STM32_Board_with_IMU.SchDoc with Kondensator from Slawek_new.SchLib
Replace Part C11 Kondensator in C:\Users\Public\Documents\Altium\STM32_Board\STM32_Board_with_IMU.SchDoc with Kondensator from Slawek_new.SchLib
Replace Part C12 Kondensator in C:\Users\Public\Documents\Altium\STM32_Board\STM32_Board_with_IMU.SchDoc with Kondensator from Slawek_new.SchLib
Replace Part K1 HEADER-1X2 in C:\Users\Public\Documents\Altium\STM32_Board\STM32_Board_with_IMU.SchDoc with HEADER-1X2 from vh_altium_library.intLib
Replace Part R1 Rezystor in C:\Users\Public\Documents\Altium\STM32_Board\STM32_Board_with_IMU.SchDoc with Rezystor from Slawek_new.SchLib
Replace Part R2 Rezystor in C:\Users\Public\Documents\Altium\STM32_Board\STM32_Board_with_IMU.SchDoc with Rezystor from Slawek_new.SchLib
Update Managed Component U1 From CMP-1753-00002-2[MPU-6050] To CMP-1753-00002-2[MPU-6050] in STM32_Board_with_IMU.SchDoc
Replace Part U2 STM32L476RGT6 in C:\Users\Public\Documents\Altium\STM32_Board\STM32_Board_with_IMU.SchDoc with STM32L476RGT6 from STM32L476RGT6.SchLib
Replace Part U2 STM32L476RGT6 in C:\Users\Public\Documents\Altium\STM32_Board\STM32_Board_with_IMU.SchDoc with STM32L476RGT6 from STM32L476RGT6.SchLib
Replace Part USB1 USB-C Molex in C:\Users\Public\Documents\Altium\STM32_Board\STM32_Board_with_IMU.SchDoc with USB-C Molex from BibliotekaPiotrek.SchLib
Replace Part XTAL1 Kwarc 16MHz SMD 16.00M-SMDHC49R in C:\Users\Public\Documents\Altium\STM32_Board\STM32_Board_with_IMU.SchDoc with Kwarc 16MHz SMD 16.00M-SMDHC49R from BibliotekaPiotrek.SchLib
Update Managed Component Y1 From CMP-0447-00001-4[ABS07-32.768KHZ-T] To CMP-0447-00001-4[ABS07-32.768KHZ-T] in STM32_Board_with_IMU.SchDoc
