Removed Pin From Net: NetName=USB_D_P Pin=J1-A6
Removed Pin From Net: NetName=USB_D_N Pin=J1-A7
Removed Pin From Net: NetName=USB_D_P Pin=J1-B6
Removed Pin From Net: NetName=USB_D_N Pin=J1-B7
Removed Pin From Net: NetName=+3V3 Pin=R12-1
Removed Pin From Net: NetName=LED_Power_A Pin=R12-2
Removed Pin From Net: NetName=NetJ1_A5 Pin=R13-1
Removed Pin From Net: NetName=GND Pin=R13-2
Removed Pin From Net: NetName=NetJ1_B5 Pin=R14-1
Removed Pin From Net: NetName=GND Pin=R14-2
Change Component Footprint: Designator=R12 Old Footprint=0805 New Footprint=0603
Change Component Footprint: Designator=R13 Old Footprint=0805 New Footprint=0603
Change Component Footprint: Designator=R14 Old Footprint=0805 New Footprint=0603
Added Component: Designator=D5(FP-SOT-666-MFG)
Add Pin To Net: Unknown Pin: Pin D5-2
Add Pin To Net: Unknown Pin: Pin D5-4
Add Pin To Net: Unknown Pin: Pin D5-5
Add Pin To Net: Unknown Pin: Pin D5-6
Added Pin To Net: NetName=LED_Power_A Pin=R12-1
Added Pin To Net: NetName=+3V3 Pin=R12-2
Added Pin To Net: NetName=GND Pin=R13-1
Added Pin To Net: NetName=NetJ1_A5 Pin=R13-2
Added Pin To Net: NetName=GND Pin=R14-1
Added Pin To Net: NetName=NetJ1_B5 Pin=R14-2
Added Pin To Net: NetName=USB_CONN_D_N Pin=J1-A7
Added Pin To Net: NetName=USB_CONN_D_N Pin=J1-B7
Added Net: Name=USB_CONN_D_N
Added Pin To Net: NetName=USB_CONN_D_P Pin=J1-A6
Added Pin To Net: NetName=USB_CONN_D_P Pin=J1-B6
Added Net: Name=USB_CONN_D_P
Added Differential Pair: Name=USB_CONN_D
Add Class Member: Failed to add class member : Component D5 USBLC6-2P6
