Removed Pin From Net: NetName=XTAL_IN Pin=XTAL1-2
Change Component Designator: OldDesignator=U1 NewDesignator=U2
Change component parameters: Designator = "C5" ("C5"); Footprint = "0805"; UniqueID = "\ETXZQFYB" ("\ETXZQFYB")
Change component parameters: Designator = "C6" ("C6"); Footprint = "0805"; UniqueID = "\PEQJLAGV" ("\PEQJLAGV")
Change component parameters: Designator = "C7" ("C7"); Footprint = "0805"; UniqueID = "\PYCFXYOL" ("\PYCFXYOL")
Change component parameters: Designator = "C8" ("C8"); Footprint = "0805"; UniqueID = "\EIAIYYHP" ("\EIAIYYHP")
Change component parameters: Designator = "C9" ("C9"); Footprint = "0805"; UniqueID = "\VTJJDMAQ" ("\VTJJDMAQ")
Change component parameters: Designator = "C10" ("C10"); Footprint = "0805"; UniqueID = "\JJPSYGIB" ("\JJPSYGIB")
Change component parameters: Designator = "C11" ("C11"); Footprint = "0805"; UniqueID = "\BMDTQFMQ" ("\BMDTQFMQ")
Change component parameters: Designator = "C12" ("C12"); Footprint = "0805"; UniqueID = "\SXLCXOIX" ("\SXLCXOIX")
Added Component: Designator=U1(IS-QFN-24_V)
Add component (AddParameter): Name = "Category"; Value = "Sensors,Transducers"; VariantName = "[No Variations]"
Add component (AddParameter): Name = "Datasheet URL"; Value = "http://datasheet.octopart.com/MPU-6050-InvenSense-datasheet-14421344.pdf"; VariantName = "[No Variations]"
Add component (AddParameter): Name = "Datasheet Version"; Value = "Rev. 3.3, 05/2012"; VariantName = "[No Variations]"
Add component (AddParameter): Name = "Dynamic Catalog"; Value = "MPU-6000™Series"; VariantName = "[No Variations]"
Add component (AddParameter): Name = "Family"; Value = "Multifunction"; VariantName = "[No Variations]"
Add component (AddParameter): Name = "Featured Product"; Value = "MPU-60506-Axis,IntegratedI2CSolution"; VariantName = "[No Variations]"
Add component (AddParameter): Name = "Manufacturer"; Value = "InvenSense"; VariantName = "[No Variations]"
Add component (AddParameter): Name = "Manufacturer URL"; Value = "http://www.invensense.com/"; VariantName = "[No Variations]"
Add component (AddParameter): Name = "Online Catalog"; Value = "MPU-6000™Series"; VariantName = "[No Variations]"
Add component (AddParameter): Name = "Other Names"; Value = "1428-1007-2
MPU6050"; VariantName = "[No Variations]"
Add component (AddParameter): Name = "Output Type"; Value = "Digital"; VariantName = "[No Variations]"
Add component (AddParameter): Name = "Sensor Type"; Value = "MotionTracking"; VariantName = "[No Variations]"
Add component (AddParameter): Name = "Standard Package"; Value = "5,000"; VariantName = "[No Variations]"
Add component (AddParameter): Name = "Unit PriceUSD"; Value = "Digital"; VariantName = "[No Variations]"
Added Pin To Net: NetName=GND Pin=U1-1
Added Pin To Net: NetName=IMU_AUX_DA Pin=U1-6
Added Pin To Net: NetName=IMU_AUX_CL Pin=U1-7
Added Pin To Net: NetName=+3V3 Pin=U1-8
Added Pin To Net: NetName=GND Pin=U1-9
Added Pin To Net: NetName=IMU_REGOUT Pin=U1-10
Added Pin To Net: NetName=GND Pin=U1-11
Added Pin To Net: NetName=IMU_INT Pin=U1-12
Added Pin To Net: NetName=+3V3 Pin=U1-13
Added Pin To Net: NetName=GND Pin=U1-18
Added Pin To Net: NetName=IMU_CPOUT Pin=U1-20
Added Pin To Net: NetName=IMU_SCL Pin=U1-23
Added Pin To Net: NetName=IMU_SDA Pin=U1-24
Added Pin To Net: NetName=GND Pin=U1-25
Added Pin To Net: NetName=XTAL_IN Pin=XTAL1-1
Added Pin To Net: NetName=MCU_OSC_IN Pin=XTAL1-2
Change Net Name : Old Net Name=NetR1_1 New Net Name=MCU_OSC32_OUT
Added Member To Class: ClassName=STM32_Board_with_IMU Member=Component C1 100n
Added Member To Class: ClassName=STM32_Board_with_IMU Member=Component C2 0.1u
Added Member To Class: ClassName=STM32_Board_with_IMU Member=Component C3 2.2n
Added Member To Class: ClassName=STM32_Board_with_IMU Member=Component C4 10n
Added Member To Class: ClassName=STM32_Board_with_IMU Member=Component C6 Kondensator
Added Member To Class: ClassName=STM32_Board_with_IMU Member=Component C7 Kondensator
Added Member To Class: ClassName=STM32_Board_with_IMU Member=Component U1 MPU-6050
Added Member To Class: ClassName=STM32_Board_with_IMU Member=Component U2 STM32L476RGT6
