Added Component: Designator=C1(0805)
Added Component: Designator=C2(0805)
Added Component: Designator=C3(0805)
Added Component: Designator=C4(0805)
Added Component: Designator=C5(0805)
Added Component: Designator=C6(0805)
Added Component: Designator=C7(0805)
Added Component: Designator=C8(0805)
Added Component: Designator=C9(0805)
Added Component: Designator=C10(0805)
Added Component: Designator=C11(0805)
Added Component: Designator=C12(0805)
Added Component: Designator=C13(0805)
Added Component: Designator=C14(0805)
Added Component: Designator=C15(0805)
Added Component: Designator=C16(0805)
Added Component: Designator=C17(0805)
Added Component: Designator=C18(0805)
Added Component: Designator=C19(0805)
Added Component: Designator=C20(0805)
Added Component: Designator=C21(0805)
Added Component: Designator=C22(0805)
Added Component: Designator=C23(PANACAP-C)
Add component (AddParameter): Name = "Supplier 1"; Value = "Digi-Key"; VariantName = "[No Variations]"
Add component (AddParameter): Name = "Supplier Part Number 1"; Value = "PCE4375TR-ND"; VariantName = "[No Variations]"
Added Component: Designator=C24(0805)
Added Component: Designator=C25(0805)
Added Component: Designator=C26(PANACAP-C)
Add component (AddParameter): Name = "Supplier 1"; Value = "Digi-Key"; VariantName = "[No Variations]"
Add component (AddParameter): Name = "Supplier Part Number 1"; Value = "PCE4375TR-ND"; VariantName = "[No Variations]"
Added Component: Designator=D1(0805_PAD)
Add component (AddParameter): Name = "Case Code (Imperial)"; Value = "0805"; VariantName = "[No Variations]"
Add component (AddParameter): Name = "Case Code (Metric)"; Value = "2012"; VariantName = "[No Variations]"
Add component (AddParameter): Name = "Case/Package"; Value = "0805"; VariantName = "[No Variations]"
Add component (AddParameter): Name = "Category"; Value = "LEDs"; VariantName = "[No Variations]"
Add component (AddParameter): Name = "Color"; Value = "Green"; VariantName = "[No Variations]"
Add component (AddParameter): Name = "ComponentLink1Description"; Value = "https://datasheet.ciiva.com/29563/150080gs75000-29563008.pdf?src-supplier=Digi-Key"; VariantName = "[No Variations]"
Add component (AddParameter): Name = "ComponentLink1URL"; Value = "https://datasheet.ciiva.com/29563/150080gs75000-29563008.pdf?src-supplier=Digi-Key"; VariantName = "[No Variations]"
Add component (AddParameter): Name = "ComponentLink2Description"; Value = "https://datasheet.ciiva.com/29279/759434-da-01-en-chipled-0805-w-kl-gruen-150080gs75000-29279039.pdf?src-supplier=Conrad"; VariantName = "[No Variations]"
Add component (AddParameter): Name = "ComponentLink2URL"; Value = "https://datasheet.ciiva.com/29279/759434-da-01-en-chipled-0805-w-kl-gruen-150080gs75000-29279039.pdf?src-supplier=Conrad"; VariantName = "[No Variations]"
Add component (AddParameter): Name = "Dominant Wavelength"; Value = "520nm"; VariantName = "[No Variations]"
Add component (AddParameter): Name = "Forward Current"; Value = "30mA"; VariantName = "[No Variations]"
Add component (AddParameter): Name = "Forward Voltage"; Value = "3.2V"; VariantName = "[No Variations]"
Add component (AddParameter): Name = "Height"; Value = "0.8mm"; VariantName = "[No Variations]"
Add component (AddParameter): Name = "Length"; Value = "2mm"; VariantName = "[No Variations]"
Add component (AddParameter): Name = "Lens Color"; Value = "Colorless"; VariantName = "[No Variations]"
Add component (AddParameter): Name = "Lens Size"; Value = "1.25mm"; VariantName = "[No Variations]"
Add component (AddParameter): Name = "Lens Style"; Value = "Clear,Flat,Rectangular"; VariantName = "[No Variations]"
Add component (AddParameter): Name = "Lens Transparency"; Value = "Clear"; VariantName = "[No Variations]"
Add component (AddParameter): Name = "Luminous Intensity"; Value = "450mcd"; VariantName = "[No Variations]"
Add component (AddParameter): Name = "Manufacturer"; Value = "Wurth Electronics"; VariantName = "[No Variations]"
Add component (AddParameter): Name = "Manufacturer Part Number"; Value = "150080GS75000"; VariantName = "[No Variations]"
Add component (AddParameter): Name = "Max Operating Temperature"; Value = "85°C"; VariantName = "[No Variations]"
Add component (AddParameter): Name = "Min Operating Temperature"; Value = "-40°C"; VariantName = "[No Variations]"
Add component (AddParameter): Name = "Mounting Technology"; Value = "Surface Mount"; VariantName = "[No Variations]"
Add component (AddParameter): Name = "Package Quantity"; Value = "1"; VariantName = "[No Variations]"
Add component (AddParameter): Name = "Packaging"; Value = "Cut Tape"; VariantName = "[No Variations]"
Add component (AddParameter): Name = "Reach SVHC Compliant"; Value = "Unknown"; VariantName = "[No Variations]"
Add component (AddParameter): Name = "RoHS"; Value = "Yes"; VariantName = "[No Variations]"
Add component (AddParameter): Name = "RoHS Compliant"; Value = "Yes"; VariantName = "[No Variations]"
Add component (AddParameter): Name = "Series"; Value = "WL-SMCW"; VariantName = "[No Variations]"
Add component (AddParameter): Name = "Stock 1"; Value = "31800"; VariantName = "[No Variations]"
Add component (AddParameter): Name = "Supplier 1"; Value = "Rs"; VariantName = "[No Variations]"
Add component (AddParameter): Name = "Test Current"; Value = "20mA"; VariantName = "[No Variations]"
Add component (AddParameter): Name = "Viewing Angle"; Value = "140°"; VariantName = "[No Variations]"
Add component (AddParameter): Name = "Wavelength"; Value = "520nm"; VariantName = "[No Variations]"
Add component (AddParameter): Name = "Width"; Value = "1.25mm"; VariantName = "[No Variations]"
Added Component: Designator=D2(0805_PAD)
Add component (AddParameter): Name = "Case Code (Imperial)"; Value = "0805"; VariantName = "[No Variations]"
Add component (AddParameter): Name = "Case Code (Metric)"; Value = "2012"; VariantName = "[No Variations]"
Add component (AddParameter): Name = "Case/Package"; Value = "0805"; VariantName = "[No Variations]"
Add component (AddParameter): Name = "Category"; Value = "LEDs"; VariantName = "[No Variations]"
Add component (AddParameter): Name = "Color"; Value = "Green"; VariantName = "[No Variations]"
Add component (AddParameter): Name = "ComponentLink1Description"; Value = "https://datasheet.ciiva.com/29563/150080gs75000-29563008.pdf?src-supplier=Digi-Key"; VariantName = "[No Variations]"
Add component (AddParameter): Name = "ComponentLink1URL"; Value = "https://datasheet.ciiva.com/29563/150080gs75000-29563008.pdf?src-supplier=Digi-Key"; VariantName = "[No Variations]"
Add component (AddParameter): Name = "ComponentLink2Description"; Value = "https://datasheet.ciiva.com/29279/759434-da-01-en-chipled-0805-w-kl-gruen-150080gs75000-29279039.pdf?src-supplier=Conrad"; VariantName = "[No Variations]"
Add component (AddParameter): Name = "ComponentLink2URL"; Value = "https://datasheet.ciiva.com/29279/759434-da-01-en-chipled-0805-w-kl-gruen-150080gs75000-29279039.pdf?src-supplier=Conrad"; VariantName = "[No Variations]"
Add component (AddParameter): Name = "Dominant Wavelength"; Value = "520nm"; VariantName = "[No Variations]"
Add component (AddParameter): Name = "Forward Current"; Value = "30mA"; VariantName = "[No Variations]"
Add component (AddParameter): Name = "Forward Voltage"; Value = "3.2V"; VariantName = "[No Variations]"
Add component (AddParameter): Name = "Height"; Value = "0.8mm"; VariantName = "[No Variations]"
Add component (AddParameter): Name = "Length"; Value = "2mm"; VariantName = "[No Variations]"
Add component (AddParameter): Name = "Lens Color"; Value = "Colorless"; VariantName = "[No Variations]"
Add component (AddParameter): Name = "Lens Size"; Value = "1.25mm"; VariantName = "[No Variations]"
Add component (AddParameter): Name = "Lens Style"; Value = "Clear,Flat,Rectangular"; VariantName = "[No Variations]"
Add component (AddParameter): Name = "Lens Transparency"; Value = "Clear"; VariantName = "[No Variations]"
Add component (AddParameter): Name = "Luminous Intensity"; Value = "450mcd"; VariantName = "[No Variations]"
Add component (AddParameter): Name = "Manufacturer"; Value = "Wurth Electronics"; VariantName = "[No Variations]"
Add component (AddParameter): Name = "Manufacturer Part Number"; Value = "150080GS75000"; VariantName = "[No Variations]"
Add component (AddParameter): Name = "Max Operating Temperature"; Value = "85°C"; VariantName = "[No Variations]"
Add component (AddParameter): Name = "Min Operating Temperature"; Value = "-40°C"; VariantName = "[No Variations]"
Add component (AddParameter): Name = "Mounting Technology"; Value = "Surface Mount"; VariantName = "[No Variations]"
Add component (AddParameter): Name = "Package Quantity"; Value = "1"; VariantName = "[No Variations]"
Add component (AddParameter): Name = "Packaging"; Value = "Cut Tape"; VariantName = "[No Variations]"
Add component (AddParameter): Name = "Reach SVHC Compliant"; Value = "Unknown"; VariantName = "[No Variations]"
Add component (AddParameter): Name = "RoHS"; Value = "Yes"; VariantName = "[No Variations]"
Add component (AddParameter): Name = "RoHS Compliant"; Value = "Yes"; VariantName = "[No Variations]"
Add component (AddParameter): Name = "Series"; Value = "WL-SMCW"; VariantName = "[No Variations]"
Add component (AddParameter): Name = "Stock 1"; Value = "31800"; VariantName = "[No Variations]"
Add component (AddParameter): Name = "Supplier 1"; Value = "Rs"; VariantName = "[No Variations]"
Add component (AddParameter): Name = "Test Current"; Value = "20mA"; VariantName = "[No Variations]"
Add component (AddParameter): Name = "Viewing Angle"; Value = "140°"; VariantName = "[No Variations]"
Add component (AddParameter): Name = "Wavelength"; Value = "520nm"; VariantName = "[No Variations]"
Add component (AddParameter): Name = "Width"; Value = "1.25mm"; VariantName = "[No Variations]"
Added Component: Designator=D3(FP-SMA-MFG)
Add component (AddParameter): Name = "Automotive"; Value = "No"; VariantName = "[No Variations]"
Add component (AddParameter): Name = "Capacitance"; Value = "25pF"; VariantName = "[No Variations]"
Add component (AddParameter): Name = "Category"; Value = "Diode"; VariantName = "[No Variations]"
Add component (AddParameter): Name = "ComponentLink2Description"; Value = "Datasheet"; VariantName = "[No Variations]"
Add component (AddParameter): Name = "ComponentLink2URL"; Value = "https://www.diodes.com/assets/Datasheets/ds14002.pdf"; VariantName = "[No Variations]"
Add component (AddParameter): Name = "Device Class L1"; Value = "Discrete Semiconductors"; VariantName = "[No Variations]"
Add component (AddParameter): Name = "Device Class L2"; Value = "Diodes"; VariantName = "[No Variations]"
Add component (AddParameter): Name = "Device Class L3"; Value = "Rectifier Diodes"; VariantName = "[No Variations]"
Add component (AddParameter): Name = "Digikey Description"; Value = "DIODE GEN PURP 200V 2A SMA"; VariantName = "[No Variations]"
Add component (AddParameter): Name = "Footprint Url"; Value = "https://www.diodes.com/assets/Package-Files/SMA.pdf"; VariantName = "[No Variations]"
Add component (AddParameter): Name = "Forward Current"; Value = "2A"; VariantName = "[No Variations]"
Add component (AddParameter): Name = "Height"; Value = "2.4mm"; VariantName = "[No Variations]"
Add component (AddParameter): Name = "Lead Free"; Value = "Yes"; VariantName = "[No Variations]"
Add component (AddParameter): Name = "Manufacturer"; Value = "Diodes Inc."; VariantName = "[No Variations]"
Add component (AddParameter): Name = "Manufacturer Part Number"; Value = "ES2DA-13-F"; VariantName = "[No Variations]"
Add component (AddParameter): Name = "Max Junction Temp"; Value = "+150°C"; VariantName = "[No Variations]"
Add component (AddParameter): Name = "Max Repetitive Reverse Voltage"; Value = "200V"; VariantName = "[No Variations]"
Add component (AddParameter): Name = "Max Surge Forward Current"; Value = "50A"; VariantName = "[No Variations]"
Add component (AddParameter): Name = "Mouser Description"; Value = "Rectifiers RECTIFIER SUPER FAST "F" LEAD FREE"; VariantName = "[No Variations]"
Add component (AddParameter): Name = "Octopart"; Value = "https://octopart.com/es2da-13-f-diodes+inc.-328903"; VariantName = "[No Variations]"
Add component (AddParameter): Name = "Package"; Value = "SMA"; VariantName = "[No Variations]"
Add component (AddParameter): Name = "Peak Reverse Current"; Value = "5uA"; VariantName = "[No Variations]"
Add component (AddParameter): Name = "Reverse Voltage"; Value = "200V"; VariantName = "[No Variations]"
Add component (AddParameter): Name = "RoHS"; Value = "TRUE"; VariantName = "[No Variations]"
Add component (AddParameter): Name = "Standoff Height"; Value = "0.05mm"; VariantName = "[No Variations]"
Add component (AddParameter): Name = "Temperature"; Value = "-55°C to +150°C"; VariantName = "[No Variations]"
Add component (AddParameter): Name = "Temperature Range High"; Value = "+150°C"; VariantName = "[No Variations]"
Add component (AddParameter): Name = "Temperature Range Low"; Value = "-55°C"; VariantName = "[No Variations]"
Add component (AddParameter): Name = "Value"; Value = "25pF"; VariantName = "[No Variations]"
Added Component: Designator=D4(FP-SMA-MFG)
Add component (AddParameter): Name = "Automotive"; Value = "No"; VariantName = "[No Variations]"
Add component (AddParameter): Name = "Capacitance"; Value = "25pF"; VariantName = "[No Variations]"
Add component (AddParameter): Name = "Category"; Value = "Diode"; VariantName = "[No Variations]"
Add component (AddParameter): Name = "ComponentLink2Description"; Value = "Datasheet"; VariantName = "[No Variations]"
Add component (AddParameter): Name = "ComponentLink2URL"; Value = "https://www.diodes.com/assets/Datasheets/ds14002.pdf"; VariantName = "[No Variations]"
Add component (AddParameter): Name = "Device Class L1"; Value = "Discrete Semiconductors"; VariantName = "[No Variations]"
Add component (AddParameter): Name = "Device Class L2"; Value = "Diodes"; VariantName = "[No Variations]"
Add component (AddParameter): Name = "Device Class L3"; Value = "Rectifier Diodes"; VariantName = "[No Variations]"
Add component (AddParameter): Name = "Digikey Description"; Value = "DIODE GEN PURP 200V 2A SMA"; VariantName = "[No Variations]"
Add component (AddParameter): Name = "Footprint Url"; Value = "https://www.diodes.com/assets/Package-Files/SMA.pdf"; VariantName = "[No Variations]"
Add component (AddParameter): Name = "Forward Current"; Value = "2A"; VariantName = "[No Variations]"
Add component (AddParameter): Name = "Height"; Value = "2.4mm"; VariantName = "[No Variations]"
Add component (AddParameter): Name = "Lead Free"; Value = "Yes"; VariantName = "[No Variations]"
Add component (AddParameter): Name = "Manufacturer"; Value = "Diodes Inc."; VariantName = "[No Variations]"
Add component (AddParameter): Name = "Manufacturer Part Number"; Value = "ES2DA-13-F"; VariantName = "[No Variations]"
Add component (AddParameter): Name = "Max Junction Temp"; Value = "+150°C"; VariantName = "[No Variations]"
Add component (AddParameter): Name = "Max Repetitive Reverse Voltage"; Value = "200V"; VariantName = "[No Variations]"
Add component (AddParameter): Name = "Max Surge Forward Current"; Value = "50A"; VariantName = "[No Variations]"
Add component (AddParameter): Name = "Mouser Description"; Value = "Rectifiers RECTIFIER SUPER FAST "F" LEAD FREE"; VariantName = "[No Variations]"
Add component (AddParameter): Name = "Octopart"; Value = "https://octopart.com/es2da-13-f-diodes+inc.-328903"; VariantName = "[No Variations]"
Add component (AddParameter): Name = "Package"; Value = "SMA"; VariantName = "[No Variations]"
Add component (AddParameter): Name = "Peak Reverse Current"; Value = "5uA"; VariantName = "[No Variations]"
Add component (AddParameter): Name = "Reverse Voltage"; Value = "200V"; VariantName = "[No Variations]"
Add component (AddParameter): Name = "RoHS"; Value = "TRUE"; VariantName = "[No Variations]"
Add component (AddParameter): Name = "Standoff Height"; Value = "0.05mm"; VariantName = "[No Variations]"
Add component (AddParameter): Name = "Temperature"; Value = "-55°C to +150°C"; VariantName = "[No Variations]"
Add component (AddParameter): Name = "Temperature Range High"; Value = "+150°C"; VariantName = "[No Variations]"
Add component (AddParameter): Name = "Temperature Range Low"; Value = "-55°C"; VariantName = "[No Variations]"
Add component (AddParameter): Name = "Value"; Value = "25pF"; VariantName = "[No Variations]"
Added Component: Designator=FB1(FP-BLM18-0_15-t0_8-MFG)
Add component (AddParameter): Name = "Case/Package"; Value = "0603"; VariantName = "[No Variations]"
Add component (AddParameter): Name = "Current Rating"; Value = "500mA"; VariantName = "[No Variations]"
Add component (AddParameter): Name = "DC Resistance (DCR)"; Value = "180mR"; VariantName = "[No Variations]"
Add component (AddParameter): Name = "Height"; Value = "0.8mm"; VariantName = "[No Variations]"
Add component (AddParameter): Name = "Impedance"; Value = "120R"; VariantName = "[No Variations]"
Add component (AddParameter): Name = "Length"; Value = "1.6mm"; VariantName = "[No Variations]"
Add component (AddParameter): Name = "Max DC Current"; Value = "500mA"; VariantName = "[No Variations]"
Add component (AddParameter): Name = "Max Operating Temperature"; Value = "125°C"; VariantName = "[No Variations]"
Add component (AddParameter): Name = "Min Operating Temperature"; Value = "-55°C"; VariantName = "[No Variations]"
Add component (AddParameter): Name = "Number of Circuits"; Value = "1"; VariantName = "[No Variations]"
Add component (AddParameter): Name = "Number of Pins"; Value = "2"; VariantName = "[No Variations]"
Add component (AddParameter): Name = "Package Quantity"; Value = "1000"; VariantName = "[No Variations]"
Add component (AddParameter): Name = "Packaging"; Value = "Bulk"; VariantName = "[No Variations]"
Add component (AddParameter): Name = "RoHS Compliant"; Value = "Yes"; VariantName = "[No Variations]"
Add component (AddParameter): Name = "Series"; Value = "BLM18A"; VariantName = "[No Variations]"
Add component (AddParameter): Name = "Shielding"; Value = "Unshielded"; VariantName = "[No Variations]"
Add component (AddParameter): Name = "Termination"; Value = "SMD/SMT"; VariantName = "[No Variations]"
Add component (AddParameter): Name = "Tolerance"; Value = "25%"; VariantName = "[No Variations]"
Add component (AddParameter): Name = "Width"; Value = "0.8mm"; VariantName = "[No Variations]"
Added Component: Designator=FLASH1(FP-MX25L51245GMI-08G-IPC_C)
Add component (AddParameter): Name = "RoHS Compliant"; Value = "Yes"; VariantName = "[No Variations]"
Added Component: Designator=J1(FP-USB4105-GF-A-MFG)
Add component (AddParameter): Name = "Automotive"; Value = "No"; VariantName = "[No Variations]"
Add component (AddParameter): Name = "Category"; Value = "Conn"; VariantName = "[No Variations]"
Add component (AddParameter): Name = "ComponentLink2Description"; Value = "Datasheet"; VariantName = "[No Variations]"
Add component (AddParameter): Name = "ComponentLink2URL"; Value = "https://gct.co/files/drawings/usb4105.pdf"; VariantName = "[No Variations]"
Add component (AddParameter): Name = "Conn Orientation"; Value = "Right Angle"; VariantName = "[No Variations]"
Add component (AddParameter): Name = "Contact Material"; Value = "Gold,Nickel"; VariantName = "[No Variations]"
Add component (AddParameter): Name = "Current Rating"; Value = "5/6.25/1.25/0.25A"; VariantName = "[No Variations]"
Add component (AddParameter): Name = "Device Class L1"; Value = "Connectors"; VariantName = "[No Variations]"
Add component (AddParameter): Name = "Device Class L2"; Value = "USB Connectors"; VariantName = "[No Variations]"
Add component (AddParameter): Name = "Device Class L3"; Value = "unset"; VariantName = "[No Variations]"
Add component (AddParameter): Name = "Digikey Description"; Value = "CONN RCPT USB2.0 TYPEC 5A"; VariantName = "[No Variations]"
Add component (AddParameter): Name = "Height"; Value = "3.46mm"; VariantName = "[No Variations]"
Add component (AddParameter): Name = "Is Female"; Value = "yes"; VariantName = "[No Variations]"
Add component (AddParameter): Name = "Lead Free"; Value = "Yes"; VariantName = "[No Variations]"
Add component (AddParameter): Name = "Manufacturer"; Value = "GCT"; VariantName = "[No Variations]"
Add component (AddParameter): Name = "Manufacturer Part Number"; Value = "USB4105-GF-A"; VariantName = "[No Variations]"
Add component (AddParameter): Name = "Number Of Contacts"; Value = "16"; VariantName = "[No Variations]"
Add component (AddParameter): Name = "Octopart"; Value = "https://octopart.com/usb4105-gf-a-gct-106627878"; VariantName = "[No Variations]"
Add component (AddParameter): Name = "Package"; Value = "0"; VariantName = "[No Variations]"
Add component (AddParameter): Name = "RoHS"; Value = "TRUE"; VariantName = "[No Variations]"
Add component (AddParameter): Name = "Temperature"; Value = "-40°C to +85°C"; VariantName = "[No Variations]"
Add component (AddParameter): Name = "Temperature Range High"; Value = "+85°C"; VariantName = "[No Variations]"
Add component (AddParameter): Name = "Temperature Range Low"; Value = "-40°C"; VariantName = "[No Variations]"
Add component (AddParameter): Name = "Usb Standard"; Value = "USB 2.0"; VariantName = "[No Variations]"
Add component (AddParameter): Name = "Voltage Rating"; Value = "20V"; VariantName = "[No Variations]"
Added Component: Designator=J2(694106301002)
Add component (AddParameter): Name = "Datasheet URL"; Value = "http://katalog.we-online.de/em/datasheet/6941xx301002.pdf"; VariantName = "[No Variations]"
Add component (AddParameter): Name = "Gender"; Value = "Male"; VariantName = "[No Variations]"
Add component (AddParameter): Name = "Manufacturer"; Value = "Wurth Elektronik"; VariantName = "[No Variations]"
Add component (AddParameter): Name = "Manufacturer URL"; Value = "http://www.we-online.de"; VariantName = "[No Variations]"
Add component (AddParameter): Name = "Mounting Technology"; Value = "THT"; VariantName = "[No Variations]"
Add component (AddParameter): Name = "Opening Diameter"; Value = "6.4mm"; VariantName = "[No Variations]"
Add component (AddParameter): Name = "Operating Temperature"; Value = "-40to85degC"; VariantName = "[No Variations]"
Add component (AddParameter): Name = "Orientation"; Value = "RightAngled"; VariantName = "[No Variations]"
Add component (AddParameter): Name = "Package Reference"; Value = "694106301002"; VariantName = "[No Variations]"
Add component (AddParameter): Name = "Packaging"; Value = "Bag"; VariantName = "[No Variations]"
Add component (AddParameter): Name = "Part Number"; Value = "694106301002"; VariantName = "[No Variations]"
Add component (AddParameter): Name = "Plug Inner Diameter"; Value = "2.05mm"; VariantName = "[No Variations]"
Add component (AddParameter): Name = "Plug Outer Diameter"; Value = "5.5mm"; VariantName = "[No Variations]"
Add component (AddParameter): Name = "Publisher"; Value = "WurthElektronik"; VariantName = "[No Variations]"
Add component (AddParameter): Name = "Rated Current"; Value = "5A"; VariantName = "[No Variations]"
Add component (AddParameter): Name = "Working Voltage"; Value = "24V"; VariantName = "[No Variations]"
Added Component: Designator=K1(HEADER-1X4)
Add component (AddParameter): Name = "Supplier 1"; Value = "Digi-Key"; VariantName = "[No Variations]"
Add component (AddParameter): Name = "Supplier Part Number 1"; Value = "S1011E-36-ND"; VariantName = "[No Variations]"
Added Component: Designator=K2(HEADER-2X3)
Added Component: Designator=K3(HEADER-1X4)
Add component (AddParameter): Name = "Supplier 1"; Value = "Digi-Key"; VariantName = "[No Variations]"
Add component (AddParameter): Name = "Supplier Part Number 1"; Value = "S1011E-36-ND"; VariantName = "[No Variations]"
Added Component: Designator=K4(HEADER-1X7)
Add component (AddParameter): Name = "Supplier 1"; Value = "Digi-Key"; VariantName = "[No Variations]"
Add component (AddParameter): Name = "Supplier Part Number 1"; Value = "S1011E-36-ND"; VariantName = "[No Variations]"
Added Component: Designator=K5(HEADER-1X2)
Add component (AddParameter): Name = "REEL"; Value = "TH"; VariantName = "[No Variations]"
Add component (AddParameter): Name = "Supplier 1"; Value = "Digi-Key"; VariantName = "[No Variations]"
Add component (AddParameter): Name = "Supplier Part Number 1"; Value = "S1011E-36-ND"; VariantName = "[No Variations]"
Added Component: Designator=K6(HEADER-1X8)
Add component (AddParameter): Name = "Supplier 1"; Value = "Digi-Key"; VariantName = "[No Variations]"
Add component (AddParameter): Name = "Supplier Part Number 1"; Value = "S1011E-36-ND"; VariantName = "[No Variations]"
Added Component: Designator=K7(HEADER-1X8)
Add component (AddParameter): Name = "Supplier 1"; Value = "Digi-Key"; VariantName = "[No Variations]"
Add component (AddParameter): Name = "Supplier Part Number 1"; Value = "S1011E-36-ND"; VariantName = "[No Variations]"
Added Component: Designator=K8(HEADER-1X4)
Add component (AddParameter): Name = "Supplier 1"; Value = "Digi-Key"; VariantName = "[No Variations]"
Add component (AddParameter): Name = "Supplier Part Number 1"; Value = "S1011E-36-ND"; VariantName = "[No Variations]"
Added Component: Designator=K10(HEADER-1X8)
Add component (AddParameter): Name = "Supplier 1"; Value = "Digi-Key"; VariantName = "[No Variations]"
Add component (AddParameter): Name = "Supplier Part Number 1"; Value = "S1011E-36-ND"; VariantName = "[No Variations]"
Added Component: Designator=K11(HEADER-1X8)
Add component (AddParameter): Name = "Supplier 1"; Value = "Digi-Key"; VariantName = "[No Variations]"
Add component (AddParameter): Name = "Supplier Part Number 1"; Value = "S1011E-36-ND"; VariantName = "[No Variations]"
Added Component: Designator=K12(HEADER-1X9)
Add component (AddParameter): Name = "Supplier 1"; Value = "Digi-Key"; VariantName = "[No Variations]"
Add component (AddParameter): Name = "Supplier Part Number 1"; Value = "S1011E-36-ND"; VariantName = "[No Variations]"
Added Component: Designator=P1(TECO-640456-4)
Add component (AddParameter): Name = "Agency Approvals"; Value = "CSA,UL"; VariantName = "[No Variations]"
Add component (AddParameter): Name = "Angle"; Value = "Straight"; VariantName = "[No Variations]"
Add component (AddParameter): Name = "Brand/Series"; Value = "MTA-100Series"; VariantName = "[No Variations]"
Add component (AddParameter): Name = "Color"; Value = "White"; VariantName = "[No Variations]"
Add component (AddParameter): Name = "Color, Housing"; Value = "White"; VariantName = "[No Variations]"
Add component (AddParameter): Name = "Connector Type"; Value = "MTA-100"; VariantName = "[No Variations]"
Add component (AddParameter): Name = "Contact Centerline Spacing"; Value = "0.100

in."; VariantName = "[No Variations]"
Add component (AddParameter): Name = "Contact Mating Area Plating"; Value = "Tin"; VariantName = "[No Variations]"
Add component (AddParameter): Name = "Contact Plating"; Value = "Tin"; VariantName = "[No Variations]"
Add component (AddParameter): Name = "Contact Shape"; Value = "Square"; VariantName = "[No Variations]"
Add component (AddParameter): Name = "Contact Termination Area Plating"; Value = "Tin"; VariantName = "[No Variations]"
Add component (AddParameter): Name = "Current, Rating"; Value = "5

A"; VariantName = "[No Variations]"
Add component (AddParameter): Name = "Datasheet URL"; Value = "https://datasheet.ciiva.com/16286/eng-ds-82056-mta-0608-16286228.pdf"; VariantName = "[No Variations]"
Add component (AddParameter): Name = "Datasheet Version"; Value = "Dec-14"; VariantName = "[No Variations]"
Add component (AddParameter): Name = "Flammability Rating"; Value = "UL94V-0"; VariantName = "[No Variations]"
Add component (AddParameter): Name = "Length, Overall"; Value = "0.4

""; VariantName = "[No Variations]"
Add component (AddParameter): Name = "Length, Pin"; Value = "0.14

""; VariantName = "[No Variations]"
Add component (AddParameter): Name = "Length, Terminal Post"; Value = "0.14

in."; VariantName = "[No Variations]"
Add component (AddParameter): Name = "Manufacturer"; Value = "TE Connectivity"; VariantName = "[No Variations]"
Add component (AddParameter): Name = "Manufacturer URL"; Value = "http://www.te.com/"; VariantName = "[No Variations]"
Add component (AddParameter): Name = "Material, Contact"; Value = "CopperAlloy"; VariantName = "[No Variations]"
Add component (AddParameter): Name = "Material, Housing"; Value = "Polyester"; VariantName = "[No Variations]"
Add component (AddParameter): Name = "Mount Angle"; Value = "Vertical"; VariantName = "[No Variations]"
Add component (AddParameter): Name = "Mounting Hole Size"; Value = "0.04

""; VariantName = "[No Variations]"
Add component (AddParameter): Name = "Mounting Type"; Value = "PCMount"; VariantName = "[No Variations]"
Add component (AddParameter): Name = "Number of Contacts"; Value = "4"; VariantName = "[No Variations]"
Add component (AddParameter): Name = "Number of Positions"; Value = "4"; VariantName = "[No Variations]"
Add component (AddParameter): Name = "Number of Rows"; Value = "1"; VariantName = "[No Variations]"
Add component (AddParameter): Name = "Pin Spacing"; Value = "0.1

""; VariantName = "[No Variations]"
Add component (AddParameter): Name = "Primary Type"; Value = "InterconnectSystem"; VariantName = "[No Variations]"
Add component (AddParameter): Name = "Size, Post"; Value = "0.025

in."; VariantName = "[No Variations]"
Add component (AddParameter): Name = "Special Features"; Value = "Pinstrip"; VariantName = "[No Variations]"
Add component (AddParameter): Name = "Standards"; Value = "RoHSCompliant,ELVCompliant,UL94V-0"; VariantName = "[No Variations]"
Add component (AddParameter): Name = "Temperature, Operating"; Value = "-55to+105

degC"; VariantName = "[No Variations]"
Add component (AddParameter): Name = "Termination"; Value = "Solder"; VariantName = "[No Variations]"
Add component (AddParameter): Name = "Type"; Value = "PCBPlug"; VariantName = "[No Variations]"
Add component (AddParameter): Name = "Voltage, Rating"; Value = "250

V"; VariantName = "[No Variations]"
Added Component: Designator=R1(0805)
Added Component: Designator=R2(0805)
Added Component: Designator=R3(0805)
Added Component: Designator=R4(0805)
Added Component: Designator=R5(0805)
Added Component: Designator=R6(0805)
Added Component: Designator=R7(0805)
Added Component: Designator=R8(0805)
Added Component: Designator=R9(0805)
Added Component: Designator=R10(0805)
Added Component: Designator=R11(0805)
Added Component: Designator=R12(0805)
Added Component: Designator=R13(0805)
Added Component: Designator=R14(0805)
Added Component: Designator=SW1(OMRON-B3F-1000-4_V)
Add component (AddParameter): Name = "Capacitance"; Value = "-45 f"; VariantName = "[No Variations]"
Add component (AddParameter): Name = "ComponentLink1Description"; Value = "Manufacturer URL"; VariantName = "[No Variations]"
Add component (AddParameter): Name = "ComponentLink1URL"; Value = "http://www.omron.com/"; VariantName = "[No Variations]"
Add component (AddParameter): Name = "ComponentLink2Description"; Value = "Datasheet"; VariantName = "[No Variations]"
Add component (AddParameter): Name = "ComponentLink2URL"; Value = "http://www.omron.com/ecb/products/pdf/en-b3f.pdf"; VariantName = "[No Variations]"
Add component (AddParameter): Name = "Contact Material"; Value = "Brass"; VariantName = "[No Variations]"
Add component (AddParameter): Name = "Contact Plating"; Value = "Gold"; VariantName = "[No Variations]"
Add component (AddParameter): Name = "Current Rating"; Value = "1.5 A"; VariantName = "[No Variations]"
Add component (AddParameter): Name = "DatasheetVersion"; Value = "Jan-15"; VariantName = "[No Variations]"
Add component (AddParameter): Name = "Gender"; Value = "Female"; VariantName = "[No Variations]"
Add component (AddParameter): Name = "Height"; Value = "14.99 mm"; VariantName = "[No Variations]"
Add component (AddParameter): Name = "Lead Pitch"; Value = "1.27 mm"; VariantName = "[No Variations]"
Add component (AddParameter): Name = "Length"; Value = "18.34 mm"; VariantName = "[No Variations]"
Add component (AddParameter): Name = "Max Operating Temperature"; Value = "70 degC"; VariantName = "[No Variations]"
Add component (AddParameter): Name = "Min Operating Temperature"; Value = "-40 degC"; VariantName = "[No Variations]"
Add component (AddParameter): Name = "Mount"; Value = "Through Hole"; VariantName = "[No Variations]"
Add component (AddParameter): Name = "Package Quantity"; Value = "1080"; VariantName = "[No Variations]"
Add component (AddParameter): Name = "PackageDescription"; Value = "4-Pin Through Hole Device, Body 6 x 6 mm"; VariantName = "[No Variations]"
Add component (AddParameter): Name = "PackageReference"; Value = "B3F-1000"; VariantName = "[No Variations]"
Add component (AddParameter): Name = "Packaging"; Value = "Tray"; VariantName = "[No Variations]"
Add component (AddParameter): Name = "Pins"; Value = "8"; VariantName = "[No Variations]"
Add component (AddParameter): Name = "Radiation Hardening"; Value = "No"; VariantName = "[No Variations]"
Add component (AddParameter): Name = "RoHSCompliant"; Value = "true"; VariantName = "[No Variations]"
Add component (AddParameter): Name = "Shielding"; Value = "Shielded"; VariantName = "[No Variations]"
Add component (AddParameter): Name = "Voltage Rating"; Value = "150 V"; VariantName = "[No Variations]"
Add component (AddParameter): Name = "Width"; Value = "25.4 mm"; VariantName = "[No Variations]"
Added Component: Designator=SW2(OMRON-B3F-1000-4_V)
Add component (AddParameter): Name = "Capacitance"; Value = "-45 f"; VariantName = "[No Variations]"
Add component (AddParameter): Name = "ComponentLink1Description"; Value = "Manufacturer URL"; VariantName = "[No Variations]"
Add component (AddParameter): Name = "ComponentLink1URL"; Value = "http://www.omron.com/"; VariantName = "[No Variations]"
Add component (AddParameter): Name = "ComponentLink2Description"; Value = "Datasheet"; VariantName = "[No Variations]"
Add component (AddParameter): Name = "ComponentLink2URL"; Value = "http://www.omron.com/ecb/products/pdf/en-b3f.pdf"; VariantName = "[No Variations]"
Add component (AddParameter): Name = "Contact Material"; Value = "Brass"; VariantName = "[No Variations]"
Add component (AddParameter): Name = "Contact Plating"; Value = "Gold"; VariantName = "[No Variations]"
Add component (AddParameter): Name = "Current Rating"; Value = "1.5 A"; VariantName = "[No Variations]"
Add component (AddParameter): Name = "DatasheetVersion"; Value = "Jan-15"; VariantName = "[No Variations]"
Add component (AddParameter): Name = "Gender"; Value = "Female"; VariantName = "[No Variations]"
Add component (AddParameter): Name = "Height"; Value = "14.99 mm"; VariantName = "[No Variations]"
Add component (AddParameter): Name = "Lead Pitch"; Value = "1.27 mm"; VariantName = "[No Variations]"
Add component (AddParameter): Name = "Length"; Value = "18.34 mm"; VariantName = "[No Variations]"
Add component (AddParameter): Name = "Max Operating Temperature"; Value = "70 degC"; VariantName = "[No Variations]"
Add component (AddParameter): Name = "Min Operating Temperature"; Value = "-40 degC"; VariantName = "[No Variations]"
Add component (AddParameter): Name = "Mount"; Value = "Through Hole"; VariantName = "[No Variations]"
Add component (AddParameter): Name = "Package Quantity"; Value = "1080"; VariantName = "[No Variations]"
Add component (AddParameter): Name = "PackageDescription"; Value = "4-Pin Through Hole Device, Body 6 x 6 mm"; VariantName = "[No Variations]"
Add component (AddParameter): Name = "PackageReference"; Value = "B3F-1000"; VariantName = "[No Variations]"
Add component (AddParameter): Name = "Packaging"; Value = "Tray"; VariantName = "[No Variations]"
Add component (AddParameter): Name = "Pins"; Value = "8"; VariantName = "[No Variations]"
Add component (AddParameter): Name = "Radiation Hardening"; Value = "No"; VariantName = "[No Variations]"
Add component (AddParameter): Name = "RoHSCompliant"; Value = "true"; VariantName = "[No Variations]"
Add component (AddParameter): Name = "Shielding"; Value = "Shielded"; VariantName = "[No Variations]"
Add component (AddParameter): Name = "Voltage Rating"; Value = "150 V"; VariantName = "[No Variations]"
Add component (AddParameter): Name = "Width"; Value = "25.4 mm"; VariantName = "[No Variations]"
Added Component: Designator=U1(SOIC-8_x1)
Added Component: Designator=U2(IS-QFN-24_V)
Add component (AddParameter): Name = "Category"; Value = "Sensors,Transducers"; VariantName = "[No Variations]"
Add component (AddParameter): Name = "Datasheet URL"; Value = "http://datasheet.octopart.com/MPU-6050-InvenSense-datasheet-14421344.pdf"; VariantName = "[No Variations]"
Add component (AddParameter): Name = "Datasheet Version"; Value = "Rev. 3.3, 05/2012"; VariantName = "[No Variations]"
Add component (AddParameter): Name = "Dynamic Catalog"; Value = "MPU-6000™Series"; VariantName = "[No Variations]"
Add component (AddParameter): Name = "Family"; Value = "Multifunction"; VariantName = "[No Variations]"
Add component (AddParameter): Name = "Featured Product"; Value = "MPU-60506-Axis,IntegratedI2CSolution"; VariantName = "[No Variations]"
Add component (AddParameter): Name = "Manufacturer"; Value = "InvenSense"; VariantName = "[No Variations]"
Add component (AddParameter): Name = "Manufacturer URL"; Value = "http://www.invensense.com/"; VariantName = "[No Variations]"
Add component (AddParameter): Name = "Online Catalog"; Value = "MPU-6000™Series"; VariantName = "[No Variations]"
Add component (AddParameter): Name = "Other Names"; Value = "1428-1007-2
MPU6050"; VariantName = "[No Variations]"
Add component (AddParameter): Name = "Output Type"; Value = "Digital"; VariantName = "[No Variations]"
Add component (AddParameter): Name = "Sensor Type"; Value = "MotionTracking"; VariantName = "[No Variations]"
Add component (AddParameter): Name = "Standard Package"; Value = "5,000"; VariantName = "[No Variations]"
Add component (AddParameter): Name = "Unit PriceUSD"; Value = "Digital"; VariantName = "[No Variations]"
Added Component: Designator=U3(LQFP64-10x10mm_STM)
Add component (AddParameter): Name = "Mfr_Name"; Value = "STMicroelectronics"; VariantName = "[No Variations]"
Add component (AddParameter): Name = "RefDes"; Value = "RefDes"; VariantName = "[No Variations]"
Add component (AddParameter): Name = "Type"; Value = "Type"; VariantName = "[No Variations]"
Added Component: Designator=U4(FP-AMS1117-IPC_C)
Add component (AddParameter): Name = "Automotive"; Value = "No"; VariantName = "[No Variations]"
Add component (AddParameter): Name = "Category"; Value = "IC"; VariantName = "[No Variations]"
Add component (AddParameter): Name = "ComponentLink2Description"; Value = "Datasheet"; VariantName = "[No Variations]"
Add component (AddParameter): Name = "ComponentLink2URL"; Value = "http://www.advanced-monolithic.com/pdf/ds1117.pdf"; VariantName = "[No Variations]"
Add component (AddParameter): Name = "Device Class L1"; Value = "Integrated Circuits (ICs)"; VariantName = "[No Variations]"
Add component (AddParameter): Name = "Device Class L2"; Value = "Power Management ICs"; VariantName = "[No Variations]"
Add component (AddParameter): Name = "Device Class L3"; Value = "Voltage Regulators - Linear"; VariantName = "[No Variations]"
Add component (AddParameter): Name = "Dropout Voltage"; Value = "1.1V"; VariantName = "[No Variations]"
Add component (AddParameter): Name = "Height"; Value = "1.8mm"; VariantName = "[No Variations]"
Add component (AddParameter): Name = "Ipc Land Pattern Name"; Value = "SOT229P700X180-4"; VariantName = "[No Variations]"
Add component (AddParameter): Name = "Lead Free"; Value = "Yes"; VariantName = "[No Variations]"
Add component (AddParameter): Name = "Manufacturer"; Value = "Advanced Monolithic Systems"; VariantName = "[No Variations]"
Add component (AddParameter): Name = "Manufacturer Part Number"; Value = "AMS1117-3.3"; VariantName = "[No Variations]"
Add component (AddParameter): Name = "Max Junction Temp"; Value = "+125°C"; VariantName = "[No Variations]"
Add component (AddParameter): Name = "Max Power Dissipation"; Value = "1.2W"; VariantName = "[No Variations]"
Add component (AddParameter): Name = "Max Supply Voltage"; Value = "15V"; VariantName = "[No Variations]"
Add component (AddParameter): Name = "Nominal Supply Current"; Value = "5mA"; VariantName = "[No Variations]"
Add component (AddParameter): Name = "Number Of Outputs"; Value = "1"; VariantName = "[No Variations]"
Add component (AddParameter): Name = "Octopart"; Value = "https://octopart.com/ams1117-3.3-advanced+monolithic+systems-25899300"; VariantName = "[No Variations]"
Add component (AddParameter): Name = "Output Current"; Value = "1A"; VariantName = "[No Variations]"
Add component (AddParameter): Name = "Output Type"; Value = "Fixed"; VariantName = "[No Variations]"
Add component (AddParameter): Name = "Output Voltage"; Value = "3.3V"; VariantName = "[No Variations]"
Add component (AddParameter): Name = "Package"; Value = "AMS1117"; VariantName = "[No Variations]"
Add component (AddParameter): Name = "RoHS"; Value = "TRUE"; VariantName = "[No Variations]"
Add component (AddParameter): Name = "Standoff Height"; Value = "0.64mm"; VariantName = "[No Variations]"
Add component (AddParameter): Name = "Temperature"; Value = "-40°C to +125°C"; VariantName = "[No Variations]"
Add component (AddParameter): Name = "Temperature Range High"; Value = "+125°C"; VariantName = "[No Variations]"
Add component (AddParameter): Name = "Temperature Range Low"; Value = "-40°C"; VariantName = "[No Variations]"
Added Component: Designator=U5(TO-252_N)
Add component (AddParameter): Name = "ComponentLink1Description"; Value = "Manufacturer URL"; VariantName = "[No Variations]"
Add component (AddParameter): Name = "ComponentLink1URL"; Value = "http://www.st.com"; VariantName = "[No Variations]"
Add component (AddParameter): Name = "ComponentLink2Description"; Value = "Datasheet"; VariantName = "[No Variations]"
Add component (AddParameter): Name = "ComponentLink2URL"; Value = "http://www.st.com/internet/com/TECHNICAL_RESOURCES/TECHNICAL_LITERATURE/DATASHEET/CD00000444.pdf"; VariantName = "[No Variations]"
Add component (AddParameter): Name = "DatasheetVersion"; Value = "16/11/2011"; VariantName = "[No Variations]"
Add component (AddParameter): Name = "PackageDescription"; Value = "3-Pin Transistor Outline Package 2.28 mm Pitch, 9.7 mm Lead Span (DPAK)"; VariantName = "[No Variations]"
Add component (AddParameter): Name = "PackageReference"; Value = "TO-252"; VariantName = "[No Variations]"
Add component (AddParameter): Name = "PackageVersion"; Value = "2011"; VariantName = "[No Variations]"
Added Component: Designator=Y1(FP-ABS07-MFG)
Add component (AddParameter): Name = "Case/Package"; Value = "CSMD"; VariantName = "[No Variations]"
Add component (AddParameter): Name = "Depth"; Value = "1.5mm"; VariantName = "[No Variations]"
Add component (AddParameter): Name = "ESR (Equivalent Series Resistance)"; Value = "70kR"; VariantName = "[No Variations]"
Add component (AddParameter): Name = "Frequency"; Value = "32.768kHz"; VariantName = "[No Variations]"
Add component (AddParameter): Name = "Frequency Tolerance"; Value = "20ppm"; VariantName = "[No Variations]"
Add component (AddParameter): Name = "Height"; Value = "0.9mm"; VariantName = "[No Variations]"
Add component (AddParameter): Name = "Lead Free"; Value = "Lead Free"; VariantName = "[No Variations]"
Add component (AddParameter): Name = "Length"; Value = "3.2mm"; VariantName = "[No Variations]"
Add component (AddParameter): Name = "Load Capacitance"; Value = "12.5pF"; VariantName = "[No Variations]"
Add component (AddParameter): Name = "Max Operating Temperature"; Value = "85°C"; VariantName = "[No Variations]"
Add component (AddParameter): Name = "Min Operating Temperature"; Value = "-40°C"; VariantName = "[No Variations]"
Add component (AddParameter): Name = "Number of Pins"; Value = "2"; VariantName = "[No Variations]"
Add component (AddParameter): Name = "Operating Frequency"; Value = "32.768 kHz"; VariantName = "[No Variations]"
Add component (AddParameter): Name = "Package Quantity"; Value = "3000"; VariantName = "[No Variations]"
Add component (AddParameter): Name = "Packaging"; Value = "Tape and Reel"; VariantName = "[No Variations]"
Add component (AddParameter): Name = "Radiation Hardening"; Value = "No"; VariantName = "[No Variations]"
Add component (AddParameter): Name = "REACH SVHC"; Value = "No SVHC"; VariantName = "[No Variations]"
Add component (AddParameter): Name = "RoHS Compliant"; Value = "Yes"; VariantName = "[No Variations]"
Add component (AddParameter): Name = "Series"; Value = "ABS07"; VariantName = "[No Variations]"
Add component (AddParameter): Name = "Series Resistance"; Value = "70kR"; VariantName = "[No Variations]"
Add component (AddParameter): Name = "Termination"; Value = "SMD/SMT"; VariantName = "[No Variations]"
Add component (AddParameter): Name = "Tolerance"; Value = "20ppm"; VariantName = "[No Variations]"
Add component (AddParameter): Name = "Width"; Value = "1.5mm"; VariantName = "[No Variations]"
Added Component: Designator=Y2(FP-ABM8-MFG)
Add component (AddParameter): Name = "Case/Package"; Value = "CSMD"; VariantName = "[No Variations]"
Add component (AddParameter): Name = "Depth"; Value = "2.5mm"; VariantName = "[No Variations]"
Add component (AddParameter): Name = "ESR (Equivalent Series Resistance)"; Value = "50R"; VariantName = "[No Variations]"
Add component (AddParameter): Name = "Frequency"; Value = "25MHz"; VariantName = "[No Variations]"
Add component (AddParameter): Name = "Frequency Stability"; Value = "50ppm"; VariantName = "[No Variations]"
Add component (AddParameter): Name = "Frequency Tolerance"; Value = "20ppm"; VariantName = "[No Variations]"
Add component (AddParameter): Name = "Height"; Value = "0.031inch"; VariantName = "[No Variations]"
Add component (AddParameter): Name = "Lead Free"; Value = "Lead Free"; VariantName = "[No Variations]"
Add component (AddParameter): Name = "Length"; Value = "3.2mm"; VariantName = "[No Variations]"
Add component (AddParameter): Name = "Load Capacitance"; Value = "18pF"; VariantName = "[No Variations]"
Add component (AddParameter): Name = "Max Operating Temperature"; Value = "70°C"; VariantName = "[No Variations]"
Add component (AddParameter): Name = "Min Operating Temperature"; Value = "-20°C"; VariantName = "[No Variations]"
Add component (AddParameter): Name = "Mount"; Value = "Surface Mount"; VariantName = "[No Variations]"
Add component (AddParameter): Name = "Number of Pins"; Value = "4"; VariantName = "[No Variations]"
Add component (AddParameter): Name = "Operating Frequency"; Value = "25 MHz"; VariantName = "[No Variations]"
Add component (AddParameter): Name = "Package Quantity"; Value = "1000"; VariantName = "[No Variations]"
Add component (AddParameter): Name = "Packaging"; Value = "Tape and Reel"; VariantName = "[No Variations]"
Add component (AddParameter): Name = "Radiation Hardening"; Value = "No"; VariantName = "[No Variations]"
Add component (AddParameter): Name = "REACH SVHC"; Value = "No SVHC"; VariantName = "[No Variations]"
Add component (AddParameter): Name = "Resistor Type"; Value = "Ceramic"; VariantName = "[No Variations]"
Add component (AddParameter): Name = "Series"; Value = "ABM8"; VariantName = "[No Variations]"
Add component (AddParameter): Name = "Series Resistance"; Value = "50R"; VariantName = "[No Variations]"
Add component (AddParameter): Name = "Termination"; Value = "SMD/SMT"; VariantName = "[No Variations]"
Add component (AddParameter): Name = "Tolerance"; Value = "20ppm"; VariantName = "[No Variations]"
Add component (AddParameter): Name = "Width"; Value = "0.098inch"; VariantName = "[No Variations]"
Added Pin To Net: NetName=+3V3 Pin=C1-2
Added Pin To Net: NetName=+3V3 Pin=C2-2
Added Pin To Net: NetName=+3V3 Pin=C3-1
Added Pin To Net: NetName=+3V3 Pin=C5-1
Added Pin To Net: NetName=+3V3 Pin=C7-1
Added Pin To Net: NetName=+3V3 Pin=C10-2
Added Pin To Net: NetName=+3V3 Pin=C12-2
Added Pin To Net: NetName=+3V3 Pin=C13-2
Added Pin To Net: NetName=+3V3 Pin=C14-2
Added Pin To Net: NetName=+3V3 Pin=C15-2
Added Pin To Net: NetName=+3V3 Pin=C16-2
Added Pin To Net: NetName=+3V3 Pin=C17-1
Added Pin To Net: NetName=+3V3 Pin=C22-2
Added Pin To Net: NetName=+3V3 Pin=FLASH1-2
Added Pin To Net: NetName=+3V3 Pin=K1-1
Added Pin To Net: NetName=+3V3 Pin=K2-2
Added Pin To Net: NetName=+3V3 Pin=K3-1
Added Pin To Net: NetName=+3V3 Pin=K12-5
Added Pin To Net: NetName=+3V3 Pin=K12-6
Added Pin To Net: NetName=+3V3 Pin=P1-4
Added Pin To Net: NetName=+3V3 Pin=R2-1
Added Pin To Net: NetName=+3V3 Pin=R4-2
Added Pin To Net: NetName=+3V3 Pin=R5-2
Added Pin To Net: NetName=+3V3 Pin=R9-1
Added Pin To Net: NetName=+3V3 Pin=R11-1
Added Pin To Net: NetName=+3V3 Pin=R12-1
Added Pin To Net: NetName=+3V3 Pin=U1-3
Added Pin To Net: NetName=+3V3 Pin=U2-8
Added Pin To Net: NetName=+3V3 Pin=U2-13
Added Pin To Net: NetName=+3V3 Pin=U3-1
Added Pin To Net: NetName=+3V3 Pin=U3-13
Added Pin To Net: NetName=+3V3 Pin=U3-19
Added Pin To Net: NetName=+3V3 Pin=U3-32
Added Pin To Net: NetName=+3V3 Pin=U3-48
Added Pin To Net: NetName=+3V3 Pin=U3-64
Added Pin To Net: NetName=+3V3 Pin=U4-2
Added Pin To Net: NetName=+3V3 Pin=U4-4
Added Net: Name=+3V3
Added Pin To Net: NetName=+5V Pin=C21-2
Added Pin To Net: NetName=+5V Pin=C23-+
Added Pin To Net: NetName=+5V Pin=C24-1
Added Pin To Net: NetName=+5V Pin=FB1-2
Added Pin To Net: NetName=+5V Pin=K12-7
Added Pin To Net: NetName=+5V Pin=K12-8
Added Pin To Net: NetName=+5V Pin=U4-3
Added Pin To Net: NetName=+5V Pin=U5-3
Added Net: Name=+5V
Added Pin To Net: NetName=CAN_N Pin=P1-2
Added Pin To Net: NetName=CAN_N Pin=R1-1
Added Pin To Net: NetName=CAN_N Pin=U1-7
Added Net: Name=CAN_N
Added Pin To Net: NetName=CAN_P Pin=P1-3
Added Pin To Net: NetName=CAN_P Pin=R1-2
Added Pin To Net: NetName=CAN_P Pin=U1-6
Added Net: Name=CAN_P
Added Pin To Net: NetName=FLASH_RESET Pin=FLASH1-3
Added Pin To Net: NetName=FLASH_RESET Pin=K6-8
Added Pin To Net: NetName=FLASH_RESET Pin=U3-14
Added Net: Name=FLASH_RESET
Added Pin To Net: NetName=GND Pin=C1-1
Added Pin To Net: NetName=GND Pin=C2-1
Added Pin To Net: NetName=GND Pin=C3-2
Added Pin To Net: NetName=GND Pin=C4-2
Added Pin To Net: NetName=GND Pin=C5-2
Added Pin To Net: NetName=GND Pin=C6-2
Added Pin To Net: NetName=GND Pin=C7-2
Added Pin To Net: NetName=GND Pin=C8-1
Added Pin To Net: NetName=GND Pin=C9-1
Added Pin To Net: NetName=GND Pin=C10-1
Added Pin To Net: NetName=GND Pin=C11-1
Added Pin To Net: NetName=GND Pin=C12-1
Added Pin To Net: NetName=GND Pin=C13-1
Added Pin To Net: NetName=GND Pin=C14-1
Added Pin To Net: NetName=GND Pin=C15-1
Added Pin To Net: NetName=GND Pin=C16-1
Added Pin To Net: NetName=GND Pin=C17-2
Added Pin To Net: NetName=GND Pin=C18-2
Added Pin To Net: NetName=GND Pin=C19-1
Added Pin To Net: NetName=GND Pin=C20-1
Added Pin To Net: NetName=GND Pin=C21-1
Added Pin To Net: NetName=GND Pin=C22-1
Added Pin To Net: NetName=GND Pin=C23--
Added Pin To Net: NetName=GND Pin=C24-2
Added Pin To Net: NetName=GND Pin=C25-2
Added Pin To Net: NetName=GND Pin=C26--
Added Pin To Net: NetName=GND Pin=D2-1
Added Pin To Net: NetName=GND Pin=FLASH1-10
Added Pin To Net: NetName=GND Pin=J1-A1-B12
Added Pin To Net: NetName=GND Pin=J1-B1-A12
Added Pin To Net: NetName=GND Pin=J2-2
Added Pin To Net: NetName=GND Pin=J2-3
Added Pin To Net: NetName=GND Pin=K1-2
Added Pin To Net: NetName=GND Pin=K2-6
Added Pin To Net: NetName=GND Pin=K3-2
Added Pin To Net: NetName=GND Pin=K12-2
Added Pin To Net: NetName=GND Pin=K12-3
Added Pin To Net: NetName=GND Pin=K12-4
Added Pin To Net: NetName=GND Pin=P1-1
Added Pin To Net: NetName=GND Pin=R8-2
Added Pin To Net: NetName=GND Pin=R13-2
Added Pin To Net: NetName=GND Pin=R14-2
Added Pin To Net: NetName=GND Pin=SW1-3
Added Pin To Net: NetName=GND Pin=SW1-4
Added Pin To Net: NetName=GND Pin=SW2-3
Added Pin To Net: NetName=GND Pin=SW2-4
Added Pin To Net: NetName=GND Pin=U1-2
Added Pin To Net: NetName=GND Pin=U2-1
Added Pin To Net: NetName=GND Pin=U2-9
Added Pin To Net: NetName=GND Pin=U2-11
Added Pin To Net: NetName=GND Pin=U2-18
Added Pin To Net: NetName=GND Pin=U2-25
Added Pin To Net: NetName=GND Pin=U3-12
Added Pin To Net: NetName=GND Pin=U3-18
Added Pin To Net: NetName=GND Pin=U3-31
Added Pin To Net: NetName=GND Pin=U3-47
Added Pin To Net: NetName=GND Pin=U3-63
Added Pin To Net: NetName=GND Pin=U4-1
Added Pin To Net: NetName=GND Pin=U5-4
Added Pin To Net: NetName=GND Pin=Y2-2
Added Pin To Net: NetName=GND Pin=Y2-4
Added Net: Name=GND
Added Pin To Net: NetName=HSE_OSC_OUT Pin=C18-1
Added Pin To Net: NetName=HSE_OSC_OUT Pin=R10-1
Added Pin To Net: NetName=HSE_OSC_OUT Pin=Y2-1
Added Net: Name=HSE_OSC_OUT
Added Pin To Net: NetName=IMU_AUX_CL Pin=K5-1
Added Pin To Net: NetName=IMU_AUX_CL Pin=U2-7
Added Net: Name=IMU_AUX_CL
Added Pin To Net: NetName=IMU_AUX_DA Pin=K5-2
Added Pin To Net: NetName=IMU_AUX_DA Pin=U2-6
Added Net: Name=IMU_AUX_DA
Added Pin To Net: NetName=IMU_CPOUT Pin=C6-1
Added Pin To Net: NetName=IMU_CPOUT Pin=U2-20
Added Net: Name=IMU_CPOUT
Added Pin To Net: NetName=IMU_INT Pin=K10-3
Added Pin To Net: NetName=IMU_INT Pin=U2-12
Added Pin To Net: NetName=IMU_INT Pin=U3-57
Added Net: Name=IMU_INT
Added Pin To Net: NetName=IMU_REGOUT Pin=C4-1
Added Pin To Net: NetName=IMU_REGOUT Pin=U2-10
Added Net: Name=IMU_REGOUT
Added Pin To Net: NetName=IMU_SCL Pin=K3-4
Added Pin To Net: NetName=IMU_SCL Pin=R4-1
Added Pin To Net: NetName=IMU_SCL Pin=R6-1
Added Pin To Net: NetName=IMU_SCL Pin=U2-23
Added Net: Name=IMU_SCL
Added Pin To Net: NetName=IMU_SDA Pin=K3-3
Added Pin To Net: NetName=IMU_SDA Pin=R5-1
Added Pin To Net: NetName=IMU_SDA Pin=R7-1
Added Pin To Net: NetName=IMU_SDA Pin=U2-24
Added Net: Name=IMU_SDA
Added Pin To Net: NetName=LED_Power_A Pin=D2-2
Added Pin To Net: NetName=LED_Power_A Pin=R12-2
Added Net: Name=LED_Power_A
Added Pin To Net: NetName=MCU_BOOT_0 Pin=R8-1
Added Pin To Net: NetName=MCU_BOOT_0 Pin=U3-60
Added Net: Name=MCU_BOOT_0
Added Pin To Net: NetName=MCU_CAN1_RX Pin=K11-8
Added Pin To Net: NetName=MCU_CAN1_RX Pin=U1-4
Added Pin To Net: NetName=MCU_CAN1_RX Pin=U3-61
Added Net: Name=MCU_CAN1_RX
Added Pin To Net: NetName=MCU_CAN1_TX Pin=K11-7
Added Pin To Net: NetName=MCU_CAN1_TX Pin=U1-1
Added Pin To Net: NetName=MCU_CAN1_TX Pin=U3-62
Added Net: Name=MCU_CAN1_TX
Added Pin To Net: NetName=MCU_LED_A Pin=D1-2
Added Pin To Net: NetName=MCU_LED_A Pin=R9-2
Added Net: Name=MCU_LED_A
Added Pin To Net: NetName=MCU_LED_K Pin=D1-1
Added Pin To Net: NetName=MCU_LED_K Pin=K11-3
Added Pin To Net: NetName=MCU_LED_K Pin=U3-34
Added Net: Name=MCU_LED_K
Added Pin To Net: NetName=MCU_NRST Pin=C19-2
Added Pin To Net: NetName=MCU_NRST Pin=K2-5
Added Pin To Net: NetName=MCU_NRST Pin=K12-1
Added Pin To Net: NetName=MCU_NRST Pin=R11-2
Added Pin To Net: NetName=MCU_NRST Pin=SW2-1
Added Pin To Net: NetName=MCU_NRST Pin=SW2-2
Added Pin To Net: NetName=MCU_NRST Pin=U3-7
Added Net: Name=MCU_NRST
Added Pin To Net: NetName=MCU_OSC32_IN Pin=C8-2
Added Pin To Net: NetName=MCU_OSC32_IN Pin=U3-3
Added Pin To Net: NetName=MCU_OSC32_IN Pin=Y1-2
Added Net: Name=MCU_OSC32_IN
Added Pin To Net: NetName=MCU_OSC32_OUT Pin=R3-1
Added Pin To Net: NetName=MCU_OSC32_OUT Pin=U3-4
Added Net: Name=MCU_OSC32_OUT
Added Pin To Net: NetName=MCU_OSC_IN Pin=C11-2
Added Pin To Net: NetName=MCU_OSC_IN Pin=U3-5
Added Pin To Net: NetName=MCU_OSC_IN Pin=Y2-3
Added Net: Name=MCU_OSC_IN
Added Pin To Net: NetName=MCU_OSC_OUT Pin=R10-2
Added Pin To Net: NetName=MCU_OSC_OUT Pin=U3-6
Added Net: Name=MCU_OSC_OUT
Added Pin To Net: NetName=MCU_PA1 Pin=K6-7
Added Pin To Net: NetName=MCU_PA1 Pin=U3-15
Added Net: Name=MCU_PA1
Added Pin To Net: NetName=MCU_PA4 Pin=K6-4
Added Pin To Net: NetName=MCU_PA4 Pin=U3-20
Added Net: Name=MCU_PA4
Added Pin To Net: NetName=MCU_PA5 Pin=K6-3
Added Pin To Net: NetName=MCU_PA5 Pin=U3-21
Added Net: Name=MCU_PA5
Added Pin To Net: NetName=MCU_PA8 Pin=K8-4
Added Pin To Net: NetName=MCU_PA8 Pin=U3-41
Added Net: Name=MCU_PA8
Added Pin To Net: NetName=MCU_PA9 Pin=K8-3
Added Pin To Net: NetName=MCU_PA9 Pin=U3-42
Added Net: Name=MCU_PA9
Added Pin To Net: NetName=MCU_PA10 Pin=K8-2
Added Pin To Net: NetName=MCU_PA10 Pin=U3-43
Added Net: Name=MCU_PA10
Added Pin To Net: NetName=MCU_PA15 Pin=K8-1
Added Pin To Net: NetName=MCU_PA15 Pin=U3-50
Added Net: Name=MCU_PA15
Added Pin To Net: NetName=MCU_PB2 Pin=K10-6
Added Pin To Net: NetName=MCU_PB2 Pin=U3-28
Added Net: Name=MCU_PB2
Added Pin To Net: NetName=MCU_PB4 Pin=K10-4
Added Pin To Net: NetName=MCU_PB4 Pin=U3-56
Added Net: Name=MCU_PB4
Added Pin To Net: NetName=MCU_PB12 Pin=K11-4
Added Pin To Net: NetName=MCU_PB12 Pin=U3-33
Added Net: Name=MCU_PB12
Added Pin To Net: NetName=MCU_PB14 Pin=K11-2
Added Pin To Net: NetName=MCU_PB14 Pin=U3-35
Added Net: Name=MCU_PB14
Added Pin To Net: NetName=MCU_PB15 Pin=K11-1
Added Pin To Net: NetName=MCU_PB15 Pin=U3-36
Added Net: Name=MCU_PB15
Added Pin To Net: NetName=MCU_PC0 Pin=K7-1
Added Pin To Net: NetName=MCU_PC0 Pin=U3-8
Added Net: Name=MCU_PC0
Added Pin To Net: NetName=MCU_PC1 Pin=K7-2
Added Pin To Net: NetName=MCU_PC1 Pin=U3-9
Added Net: Name=MCU_PC1
Added Pin To Net: NetName=MCU_PC2 Pin=K7-3
Added Pin To Net: NetName=MCU_PC2 Pin=U3-10
Added Net: Name=MCU_PC2
Added Pin To Net: NetName=MCU_PC3 Pin=K7-4
Added Pin To Net: NetName=MCU_PC3 Pin=U3-11
Added Net: Name=MCU_PC3
Added Pin To Net: NetName=MCU_PC4 Pin=K7-5
Added Pin To Net: NetName=MCU_PC4 Pin=U3-24
Added Net: Name=MCU_PC4
Added Pin To Net: NetName=MCU_PC5 Pin=K7-6
Added Pin To Net: NetName=MCU_PC5 Pin=U3-25
Added Net: Name=MCU_PC5
Added Pin To Net: NetName=MCU_PC6 Pin=K7-7
Added Pin To Net: NetName=MCU_PC6 Pin=U3-37
Added Net: Name=MCU_PC6
Added Pin To Net: NetName=MCU_PC7 Pin=K7-8
Added Pin To Net: NetName=MCU_PC7 Pin=U3-38
Added Net: Name=MCU_PC7
Added Pin To Net: NetName=MCU_PC8 Pin=K4-1
Added Pin To Net: NetName=MCU_PC8 Pin=U3-39
Added Net: Name=MCU_PC8
Added Pin To Net: NetName=MCU_PC9 Pin=K4-2
Added Pin To Net: NetName=MCU_PC9 Pin=U3-40
Added Net: Name=MCU_PC9
Added Pin To Net: NetName=MCU_PC10 Pin=K4-3
Added Pin To Net: NetName=MCU_PC10 Pin=U3-51
Added Net: Name=MCU_PC10
Added Pin To Net: NetName=MCU_PC11 Pin=K4-4
Added Pin To Net: NetName=MCU_PC11 Pin=U3-52
Added Net: Name=MCU_PC11
Added Pin To Net: NetName=MCU_PC12 Pin=K4-5
Added Pin To Net: NetName=MCU_PC12 Pin=U3-53
Added Net: Name=MCU_PC12
Added Pin To Net: NetName=MCU_PD2 Pin=K4-7
Added Pin To Net: NetName=MCU_PD2 Pin=U3-54
Added Net: Name=MCU_PD2
Added Pin To Net: NetName=MCU_QUADSPI_BK1_IO0 Pin=FLASH1-15
Added Pin To Net: NetName=MCU_QUADSPI_BK1_IO0 Pin=K10-7
Added Pin To Net: NetName=MCU_QUADSPI_BK1_IO0 Pin=U3-27
Added Net: Name=MCU_QUADSPI_BK1_IO0
Added Pin To Net: NetName=MCU_QUADSPI_BK1_IO1 Pin=FLASH1-8
Added Pin To Net: NetName=MCU_QUADSPI_BK1_IO1 Pin=K10-8
Added Pin To Net: NetName=MCU_QUADSPI_BK1_IO1 Pin=U3-26
Added Net: Name=MCU_QUADSPI_BK1_IO1
Added Pin To Net: NetName=MCU_QUADSPI_BK1_IO2 Pin=FLASH1-9
Added Pin To Net: NetName=MCU_QUADSPI_BK1_IO2 Pin=K6-1
Added Pin To Net: NetName=MCU_QUADSPI_BK1_IO2 Pin=U3-23
Added Net: Name=MCU_QUADSPI_BK1_IO2
Added Pin To Net: NetName=MCU_QUADSPI_BK1_IO3 Pin=FLASH1-1
Added Pin To Net: NetName=MCU_QUADSPI_BK1_IO3 Pin=K6-2
Added Pin To Net: NetName=MCU_QUADSPI_BK1_IO3 Pin=U3-22
Added Net: Name=MCU_QUADSPI_BK1_IO3
Added Pin To Net: NetName=MCU_QUADSPI_CLK Pin=FLASH1-16
Added Pin To Net: NetName=MCU_QUADSPI_CLK Pin=K11-6
Added Pin To Net: NetName=MCU_QUADSPI_CLK Pin=U3-29
Added Net: Name=MCU_QUADSPI_CLK
Added Pin To Net: NetName=MCU_QUADSPI_NCS Pin=FLASH1-7
Added Pin To Net: NetName=MCU_QUADSPI_NCS Pin=K11-5
Added Pin To Net: NetName=MCU_QUADSPI_NCS Pin=U3-30
Added Net: Name=MCU_QUADSPI_NCS
Added Pin To Net: NetName=MCU_SCL_1 Pin=K10-2
Added Pin To Net: NetName=MCU_SCL_1 Pin=R6-2
Added Pin To Net: NetName=MCU_SCL_1 Pin=U3-58
Added Net: Name=MCU_SCL_1
Added Pin To Net: NetName=MCU_SDA_1 Pin=K10-1
Added Pin To Net: NetName=MCU_SDA_1 Pin=R7-2
Added Pin To Net: NetName=MCU_SDA_1 Pin=U3-59
Added Net: Name=MCU_SDA_1
Added Pin To Net: NetName=MCU_SWCLK Pin=K2-4
Added Pin To Net: NetName=MCU_SWCLK Pin=U3-49
Added Net: Name=MCU_SWCLK
Added Pin To Net: NetName=MCU_SWDIO Pin=K2-3
Added Pin To Net: NetName=MCU_SWDIO Pin=U3-46
Added Net: Name=MCU_SWDIO
Added Pin To Net: NetName=MCU_SWITCH Pin=K4-6
Added Pin To Net: NetName=MCU_SWITCH Pin=R2-2
Added Pin To Net: NetName=MCU_SWITCH Pin=SW1-1
Added Pin To Net: NetName=MCU_SWITCH Pin=SW1-2
Added Pin To Net: NetName=MCU_SWITCH Pin=U3-2
Added Net: Name=MCU_SWITCH
Added Pin To Net: NetName=MCU_SWO Pin=K2-1
Added Pin To Net: NetName=MCU_SWO Pin=K10-5
Added Pin To Net: NetName=MCU_SWO Pin=U3-55
Added Net: Name=MCU_SWO
Added Pin To Net: NetName=MCU_USART2_RX Pin=K1-4
Added Pin To Net: NetName=MCU_USART2_RX Pin=K6-5
Added Pin To Net: NetName=MCU_USART2_RX Pin=U3-17
Added Net: Name=MCU_USART2_RX
Added Pin To Net: NetName=MCU_USART2_TX Pin=K1-3
Added Pin To Net: NetName=MCU_USART2_TX Pin=K6-6
Added Pin To Net: NetName=MCU_USART2_TX Pin=U3-16
Added Net: Name=MCU_USART2_TX
Added Pin To Net: NetName=NetJ1_A5 Pin=J1-A5
Added Pin To Net: NetName=NetJ1_A5 Pin=R13-1
Added Net: Name=NetJ1_A5
Added Pin To Net: NetName=NetJ1_B5 Pin=J1-B5
Added Pin To Net: NetName=NetJ1_B5 Pin=R14-1
Added Net: Name=NetJ1_B5
Added Pin To Net: NetName=USB_D_N Pin=J1-A7
Added Pin To Net: NetName=USB_D_N Pin=J1-B7
Added Pin To Net: NetName=USB_D_N Pin=U3-44
Added Net: Name=USB_D_N
Added Pin To Net: NetName=USB_D_P Pin=J1-A6
Added Pin To Net: NetName=USB_D_P Pin=J1-B6
Added Pin To Net: NetName=USB_D_P Pin=U3-45
Added Net: Name=USB_D_P
Added Pin To Net: NetName=VBUS_IN Pin=D4-2
Added Pin To Net: NetName=VBUS_IN Pin=J1-A4-B9
Added Pin To Net: NetName=VBUS_IN Pin=J1-B4-A9
Added Net: Name=VBUS_IN
Added Pin To Net: NetName=VBUS Pin=C20-2
Added Pin To Net: NetName=VBUS Pin=D4-1
Added Pin To Net: NetName=VBUS Pin=FB1-1
Added Net: Name=VBUS
Added Pin To Net: NetName=VDC_IN Pin=D3-2
Added Pin To Net: NetName=VDC_IN Pin=J2-1
Added Net: Name=VDC_IN
Added Pin To Net: NetName=VIN Pin=C25-1
Added Pin To Net: NetName=VIN Pin=C26-+
Added Pin To Net: NetName=VIN Pin=D3-1
Added Pin To Net: NetName=VIN Pin=K12-9
Added Pin To Net: NetName=VIN Pin=U5-1
Added Net: Name=VIN
Added Pin To Net: NetName=XTAL32_IN Pin=C9-2
Added Pin To Net: NetName=XTAL32_IN Pin=R3-2
Added Pin To Net: NetName=XTAL32_IN Pin=Y1-1
Added Net: Name=XTAL32_IN
Added Class: Name=PowerSupplyAndUSB
Added Class: Name=STM32_Board_with_IMU
Added Differential Pair: Name=CAN
Added Differential Pair: Name=USB_D
